3 0 292 132
4 167 32 147 229
2 180 265
2 216 43
3 65 27 55
3 36 139 94
2 54 112
3 33 295 141
3 116 258 69
3 179 93 270
4 212 269 17 149
3 168 202 106
3 275 160 228
3 34 239 219
3 41 45 221
3 87 177 288
3 85 181 234
3 184 204 155
2 296 250
2 249 201
2 88 190
4 108 224 31 257
4 164 230 11 247
4 99 281 22 47
3 110 241 16
3 80 118 293
3 103 102 242
3 8 122 215
3 72 277 10
2 75 206
4 4 29 195 66
3 162 271 297
3 134 157 120
3 159 146 104
3 259 131 178
4 7 28 48 135
2 148 101
2 294 287
4 246 64 20 194
4 286 174 283 278
2 203 284
3 299 214 67
3 276 50 173
3 133 70 46
4 210 61 266 37
3 220 185 251
3 62 119 183
3 24 39 114
2 260 59
2 127 78
3 161 81 231
2 13 196
3 92 199 151
3 137 89 84
3 136 244 153
4 58 268 223 274
2 95 98
3 285 25 77
3 150 111 71
2 15 115
3 227 117 143
3 225 163 256
2 290 248
2 218 90
3 193 282 83
2 144 35
5 74 128 253 279 175
3 18 3 280
3 187 73 186
3 56 217 182
3 273 235 169
3 107 138 1
3 38 140 123
3 213 23 272
3 63 124 49
3 105 6 189
3 171 82 154
3 263 121 255
4 57 26 264 9
4 261 222 76 240
4 267 207 192 165
3 125 40 289
3 200 5 52
3 245 197 233
2 156 238
3 19 42 97
4 60 237 145 130
3 198 191 208
3 79 291 262
3 226 236 176
4 44 172 158 252
3 129 14 100
3 232 243 126
3 166 209 142
4 21 298 51 2
3 188 68 211
3 96 254 205
3 53 170 30
3 91 109 12
3 113 86 152