55 7024 8879 475 9015 2821 426 1259 9947 3391 8539 1701 3727 9936 6569 7418 261 1606 4202 7678 3714 4266 7661 9651 4330 2325 7039 1004 1133 4338 7992 6481 2110 8688 6966 5689 5594 8954 7719 4770 3544 7608 9901 4754 1612 9363 1180 2000 571 165 2199 7379 5280 4681 9875 5775
62 574 7837 5331 4440 7850 6403 5841 1658 6860 8052 2896 3952 8209 595 2912 1438 5573 8489 1217 304 3584 3740 1480 2411 9072 6538 542 1336 1681 3928 5482 649 9552 4236 4638 3263 4439 9496 6824 4288 5785 6407 7759 180 4349 2746 1341 2138 2416 2246 7257 1395 6735 717 9802 7643 8800 5518 7849 3157 7858 1985
61 699 2328 181 1822 851 5419 1335 1043 3959 9381 87 9076 2826 6271 5388 5438 940 6309 8693 8190 9796 155 8331 5394 3958 4475 8272 2800 1932 8983 7765 9687 8626 6385 5889 7248 2606 647 5813 8851 3447 2382 9969 3515 4881 2737 8109 5097 3122 382 2985 7468 9779 6056 5002 2165 855 7504 6266 5914 7986
57 6373 3895 384 1299 209 5289 2714 1461 7715 3276 317 2955 194 2926 6378 8658 5113 2879 3578 9071 3822 6482 1065 4840 2500 7236 5417 501 4385 2056 5089 4688 1058 6736 4255 9231 1306 500 1953 452 7929 463 2462 4247 8670 2105 594 8357 6550 1594 439 9025 2549 7369 2831 2057 7346
66 3545 7401 9559 1981 9754 7139 489 3826 8797 2050 4113 123 6694 4302 1322 2005 6029 3705 2400 6932 65 3456 8005 538 6347 1735 9236 7075 7880 1536 8742 303 5832 8763 3892 573 6301 6157 1469 1728 5495 5445 7002 4778 1655 825 4407 7048 7513 3630 3113 969 521 770 8952 5966 2115 8732 9003 5155 8803 9546 6109 5164 7360 16
68 5037 8687 2144 1394 4162 7842 2806 8633 5404 4554 3191 5819 3230 3228 5750 2384 5087 5867 5669 5036 7861 1872 7730 4502 4970 161 142 7056 8682 4340 6524 4853 5493 7201 1176 4278 419 6526 7122 9722 5476 3060 8204 7006 6053 7798 767 677 7727 8171 4089 6543 7385 2038 2475 1491 7588 1534 6788 3577 1132 4884 3470 4023 5766 8987 8680 3655
56 4131 6066 5352 8592 4924 3023 7223 5626 8646 9029 8105 5776 3286 3590 2610 9864 9846 6181 9832 8292 3589 6167 2892 7333 1784 1739 1694 7635 4451 6022 3287 2846 3462 2040 2726 5637 397 1764 9406 8390 9065 9059 746 9403 3711 9383 6665 8522 6286 6241 3351 7887 3908 5300 6515 6985
51 8727 814 2685 4722 5862 4203 3547 7167 7696 9522 6086 9674 923 4610 6780 1789 6383 5256 8532 9777 4036 2396 8993 7251 376 232 5564 3542 9908 1817 1776 7628 3841 7473 7829 131 7138 5668 6001 451 4022 3658 8959 4966 5175 939 3885 6218 6370 630 5530
52 2355 1755 1159 3821 204 3759 4861 4833 7722 8565 2727 5731 2093 5244 3428 3595 7839 2249 6772 526 6704 8085 946 1026 5598 6334 9217 9736 7262 5961 8669 2258 7637 3912 4311 1229 9793 8651 1287 5389 9292 4145 7963 22 4529 9640 1318 5239 1205 6023 3597 7105
66 7787 1890 9116 9427 3859 1690 6570 6251 1936 6256 9069 4499 4815 3184 3909 3289 8979 9888 3013 135 6510 3947 6257 3706 7507 8250 6791 1293 1425 3402 6758 3964 9313 5492 1909 1029 410 9128 2436 5021 6059 3518 6715 1356 5760 9905 8345 3771 5882 1894 524 9452 3346 3734 6332 782 908 6174 5859 509 3109 3104 1698 3160 3736 7830
55 7706 5738 4583 559 4456 938 331 7166 4026 346 8350 450 2797 1249 787 9018 8132 9401 2588 1807 2569 4260 3915 9344 3836 5004 3182 816 9992 6146 9327 4325 3347 7258 6492 4584 9368 6194 5959 8554 7084 525 7816 1441 4838 684 8314 3310 2482 1645 4204 1931 7284 2371 7130
62 9213 1221 2344 6102 3555 3016 9390 269 9248 7521 1421 2070 258 7365 3039 5121 3237 6534 9955 1742 1570 3501 3710 935 4682 1562 8735 6873 8683 469 4579 3794 6867 836 5191 7402 7994 2858 3749 1432 844 353 2519 448 8082 1869 5123 5623 9112 6474 9643 8825 4276 6244 7212 4560 1548 5820 3753 482 8923 4194
62 5439 7472 971 9176 6662 9907 9877 9426 8001 9946 6881 9045 4614 8546 4847 8174 727 4627 4273 3869 1455 3038 1289 4286 4646 226 4611 3090 6941 1454 3731 7186 4996 7641 6115 2443 3741 8268 3926 5736 1829 2991 4013 173 5536 8850 7287 7740 8679 7421 2370 8790 9168 60 6549 1774 528 1605 7221 4406 7673 9799
57 7329 4327 8083 7009 4223 892 7003 125 7497 5273 6990 20 9243 9849 1257 8154 9576 4480 1049 6899 8481 5791 8256 1245 910 5888 9938 6076 2642 2781 4497 1845 7490 9206 5627 9527 4268 6229 7876 3811 658 3540 2675 9319 3134 3231 982 7862 6333 7210 9806 1578 5203 1751 9830 7100 3813
56 9035 6996 3321 6410 9384 5600 569 548 9157 3166 2937 9629 1170 1967 8363 1907 5347 5781 4084 4336 8290 4831 4673 8866 4568 5589 3881 6141 5373 2599 6440 2042 7142 3927 6368 1849 485 8102 3935 5169 1666 8676 8410 2639 7508 3949 3899 9000 6705 2353 8401 9246 1476 1796 1081 1013
60 1523 9775 8246 4566 103 1905 8508 4432 2793 3227 8502 9355 9811 4111 2683 4006 9896 2981 4235 8192 51 4402 1241 1652 1107 492 7664 6037 2006 5171 6965 4864 7282 1603 1741 5015 8295 6011 5247 5029 3719 7439 354 9385 8604 9232 6125 609 3510 1659 1563 2587 5165 7703 1016 818 3245 9677 2247 3494
54 4217 357 3437 2774 5054 3349 9499 5052 9669 4858 5153 4256 4176 6088 6663 9118 5622 5603 911 18 1556 880 8560 5112 9960 1615 1761 6409 576 811 55 369 1806 2480 8404 3807 6402 1156 6949 2037 6077 3789 4142 2429 4894 8904 7853 5707 9137 6593 9534 8510 5460 3190
62 1546 6326 2173 2711 9954 2911 4786 4921 7189 2119 9150 2581 3638 5149 8724 7711 6008 324 6353 8057 1116 4628 2340 8720 4116 6984 6594 3271 7254 455 1408 5928 1462 603 9916 6977 3222 8089 1041 1304 3304 9766 176 6973 2255 3054 8622 1211 9801 6306 4073 5678 101 5039 9998 6120 3423 2425 2988 15 8263 4942
69 640 268 4951 7337 4300 8043 3652 7466 433 2582 5789 7496 7510 3933 9790 4758 40 520 6848 3594 5421 2747 6123 9011 3031 3808 1104 5170 219 8108 7327 8376 6416 7985 6343 5315 4591 5958 1465 564 3199 4080 4166 3557 9026 3819 5838 808 3055 8455 1923 8023 2438 7397 4408 5320 6420 1302 5263 2417 3159 134 9717 1724 7925 4284 8480 9544 2888
59 336 6615 2692 9744 5193 7340 3937 9803 411 4354 1650 7447 7093 1569 5470 3742 1684 8098 8047 2946 8076 9295 5696 1468 6567 4569 294 3252 414 6168 1743 4127 8304 1747 3712 6082 4187 2252 6119 9300 793 7398 9220 4319 8355 5934 4230 205 6838 3267 3035 9659 5706 666 2705 213 2097 9963 3864
66 2036 6626 2101 8167 9388 9511 5601 6851 9479 1344 6878 1092 7869 2304 2214 8441 701 6364 2796 9146 7789 9367 8967 942 8707 5408 807 2516 3887 7889 4477 12 3153 2904 9255 8653 661 1788 6649 8916 3440 9698 1402 8262 8868 6360 9660 5048 9755 2078 9942 6596 3075 4308 3307 3331 5963 635 1125 6043 3696 7563 5730 4003 7957 9733
62 4525 629 2379 3939 4238 8467 7464 52 2320 9085 3762 5414 6683 2248 4079 7714 2506 2372 7752 5424 3647 3091 8998 5872 7595 393 5851 9068 5548 7280 8636 2710 78 9504 9492 9047 7314 5857 4390 7372 471 5259 5041 168 8244 185 5080 9058 607 8336 6372 4087 6363 5137 9225 6476 2077 2539 2584 7780 3224 4424
65 4479 9041 3889 9143 2785 4355 8426 9458 989 4648 7997 1957 3193 1046 7545 3512 5735 1360 2164 2568 8464 3441 1576 5614 2677 1272 6544 2007 4129 6060 8486 4049 1237 7746 3954 3637 321 6361 4926 1537 3666 9010 5682 2626 8898 1550 1436 5567 3672 3691 7851 9600 5401 2196 5695 8223 7996 6836 8765 2079 5083 9077 5364 587 7902
61 6796 4958 8759 4696 8365 7978 4965 4033 9354 3618 4558 2058 132 2679 5225 4189 3532 8561 1277 694 849 4415 5723 905 1490 5050 6868 867 9161 1975 2566 6227 961 9014 1416 6233 8635 4043 847 6281 2600 9520 9855 9456 2354 5822 7017 5783 5233 6447 1766 5984 8838 2725 6828 3527 466 6661 3025 3117 6834
62 4609 4928 1799 6291 3800 6455 3261 5448 789 4109 823 655 4279 9729 9872 9357 1991 2887 4631 8099 3274 8965 3614 1009 67 9577 8279 7442 5224 9542 7498 9366 2494 2190 6304 53 8163 1940 6818 3546 1748 5305 2592 6789 4649 2501 2283 6987 9400 9156 9315 9843 2342 3890 2159 6414 214 2114 6631 6504 1734 163
59 3503 1900 590 8574 5422 8327 5713 2232 4957 4360 167 8566 7917 1482 5910 3116 9377 154 3394 5467 6600 4518 8806 2515 1898 8403 4900 7782 5437 6430 2312 6468 7736 7721 7864 866 7235 7961 5226 1165 1611 9375 8697 1969 8131 1005 4695 7089 9497 3763 7465 350 9673 6614 4039 7033 3290 4146 1715
65 6579 8453 9235 3687 5220 7198 3064 8341 5122 7804 6753 2890 6094 9523 6960 6375 9448 5451 6912 9090 9131 5829 9748 5532 3745 8937 6689 5477 3452 3325 1891 5077 2376 4249 1230 3709 9024 1439 1144 5327 7744 4331 2305 7742 6576 1061 1238 3424 1195 3576 3593 9346 2837 2222 1070 4199 2877 5887 8785 5485 914 7423 9750 9959 713
61 4513 1365 1098 7597 5480 8820 8293 6557 2707 654 8436 1370 513 9350 2940 9075 4709 5481 5061 5913 8600 84 2472 3526 9509 1924 7879 8497 5367 4476 1459 5898 8196 9939 965 2941 983 8496 8598 1868 3689 9838 25 3924 7474 6716 9679 8021 4664 6929 8084 1930 6154 7530 3502 6288 271 8812 6344 3814 2390
63 8100 8060 3305 5118 2736 1119 7596 8149 4444 2524 4633 8205 885 9707 1315 3521 792 1700 5168 4989 817 4612 7029 7660 8245 7653 8009 8702 6130 3608 9885 683 9595 2343 9296 9212 2738 8725 2977 964 5025 255 4222 8744 27 9746 5975 6931 5192 907 1089 5799 9429 1329 1858 5877 8193 7268 3233 1399 5207 4219 8312
59 3243 7920 3192 1378 6905 7428 4820 5754 86 7253 2783 7092 4941 3650 1381 9697 4359 5671 7475 2491 6978 6495 2521 9962 3965 6128 8090 3487 6081 6038 1358 8511 8249 5163 5498 5849 7129 8661 5282 2860 826 3751 4212 3661 8018 9425 3960 9290 2225 1954 4009 2449 5047 4580 7399 2218 795 5156 4617
53 7766 4715 2431 1634 9418 2112 6103 3205 388 5109 1068 9310 810 2368 8853 1501 5071 7888 6225 2717 2934 5412 6891 3790 7170 7458 7431 9139 9281 8138 3065 1311 7569 1445 4841 4306 6509 7052 2578 6010 7702 7432 245 2773 1109 4705 5727 2570 231 3469 9461 6584 625
59 320 7004 531 5801 431 6404 6192 9820 6675 8483 5869 8211 4298 801 5844 326 1990 891 7583 9205 5523 1753 6207 72 1974 7415 2346 2073 6684 5248 9795 4575 403 3338 1122 7998 3645 7794 8807 5134 9834 7913 434 1202 9162 9584 712 8371 184 7605 8135 7220 4265 7724 6530 5782 916 4863 7680
54 5649 26 3955 2087 9574 8861 5539 3410 4065 882 2212 2167 4773 2963 5804 8644 8627 8933 7568 5357 7247 7216 3835 9253 9321 9859 864 7098 1809 2649 8638 4335 1451 6470 1798 8708 2525 5825 8260 8162 1114 9369 2509 1434 4943 9749 5692 1371 2106 3451 9644 3523 4074 3322
58 2533 6835 8178 8070 9911 2421 1770 2703 6589 42 8465 6365 7083 9555 6842 9782 1580 2567 5022 7286 8958 7728 933 6142 7819 5930 5694 4425 7241 8402 9663 3003 8115 8673 6688 4191 7914 2787 1896 6320 8000 8787 1207 5737 364 4328 9208 1597 487 3755 4982 6350 360 3165 2103 3179 6208 5580
59 1860 4726 7174 275 8941 8685 3029 7276 9185 5034 394 5652 5940 2944 5377 5196 5679 3365 3327 6422 5912 5702 8835 8723 5101 8200 8962 1897 3533 6775 91 7644 2203 3098 4692 4994 9865 1813 9800 7790 8216 1543 4185 6078 5780 6917 9311 300 2211 9414 9817 9028 7021 3466 6825 7584 1253 1467 9836
58 9299 3716 2915 2828 1773 959 5157 7501 6925 9740 421 6605 4175 1060 9537 9851 9575 9823 1952 1961 2184 1731 3566 50 4893 2239 7964 8997 3072 4177 7344 7677 9322 9193 7040 8367 9294 4297 5486 9361 2275 9488 1956 4019 2140 9549 1047 4775 9152 3317 1926 9221 3660 7663 6558 470 5949 3490
66 9953 166 1711 3568 493 7941 7331 3282 7904 3602 5604 6374 2313 2186 3765 3713 6004 2120 4392 4546 7090 9543 6175 4460 5770 1624 6183 3528 1212 9590 106 1321 9061 756 8111 5309 4650 1622 4195 2782 1409 9080 1400 3139 1477 502 3070 2842 8910 6437 1925 1723 3737 6017 8123 3269 7012 1099 1036 2745 6278 2784 3921 56 9924 4637
62 370 955 3051 583 8528 557 1164 230 1881 8567 9844 9275 4178 7118 2950 4184 1139 1188 7868 7572 3575 3707 9056 8112 4081 858 8227 5023 7585 3659 5864 145 7735 3379 5531 5415 1619 5876 902 4704 8362 4882 3511 137 5329 6954 8802 9805 8243 6259 8968 9473 5666 7219 2814 966 1296 9498 3543 7373 7949 8118
65 1384 4132 1175 5135 6727 4059 5238 262 8218 338 6204 9351 4085 3062 2360 5395 2432 270 6952 4342 7598 5896 8903 1022 6067 600 238 3936 4659 2811 1035 639 4171 6040 7303 9298 1213 3524 4974 3799 6856 2311 2418 8947 6421 5906 7993 329 3704 8695 5459 285 5177 9105 7188 8420 3250 1825 4267 6916 1864 7124 4077 522 1505
59 3102 6448 8973 4014 7050 802 5712 6562 3904 3086 5447 6057 361 3632 6155 5383 7619 6429 2290 5897 4679 6827 6582 7859 5773 9237 8519 8746 5497 1515 894 8593 5924 6496 1502 7230 2142 7161 2716 14 3788 7363 7480 2385 9906 4139 4545 7175 3373 236 3032 9466 9364 6951 5890 2356 2699 9478 2471
61 4733 4494 8629 533 7183 1613 6889 877 5620 4200 363 9781 7408 9961 7102 2256 3675 3600 7074 6302 9402 4598 5879 4218 6928 8591 4483 5715 4697 2654 3911 5091 765 5079 8308 2786 5718 9567 8041 3187 7626 9472 1242 9715 9619 6389 3505 6211 4167 7674 2210 8139 8286 7453 9599 1487 3455 6718 8197 9553 2064
54 7481 1085 4948 7044 9987 5650 5088 7445 3525 9167 8375 5026 1848 6855 2259 2609 2477 7205 8318 4214 6501 3648 6283 6480 1824 5090 7976 9952 5069 2175 8013 4505 9690 9362 9808 2794 772 6382 146 8456 6324 3619 102 3258 2505 9828 8120 8383 3340 61 2952 4524 6637 7184
62 2922 3485 3010 5098 6778 664 5920 249 2767 7476 9889 58 833 5146 4366 5311 9453 5178 9857 1589 2067 2451 2514 1106 1123 1558 4290 1246 4458 1636 2263 7905 5387 3784 8096 9604 9144 9807 6032 4562 6647 589 2464 8738 2048 9983 8126 4720 1191 9667 2760 7191 8587 3406 6774 3882 5443 8145 4450 5458 1640 8027
57 2636 8460 291 8474 8219 2833 4600 3468 4672 1691 4911 4735 1424 762 1473 8334 5936 4541 2117 5893 2850 3690 9516 7064 5013 5952 2507 4103 1999 7433 402 2973 7068 7891 9324 5250 6381 6188 2998 57 5432 7482 6629 4055 6264 1610 4842 3662 6746 4851 7030 1154 9682 9444 8827 3656 6957
59 6896 6980 3378 8512 6547 3747 2551 4024 6546 3362 9386 7345 987 8887 9601 1518 9330 8435 215 234 3801 2174 6617 621 9326 3902 8976 5733 616 3418 8897 8823 9589 4790 8855 1671 4519 3089 608 1917 1330 1977 8516 8648 3620 306 1007 4468 9043 5216 9966 6611 8884 8811 5607 8552 7522 9837 73
62 7035 5284 7606 1507 2413 2063 4501 8628 6201 227 8529 8924 5463 1541 7297 443 5084 4391 3738 4755 4380 6892 6454 241 8664 3326 9224 4121 1687 6113 4344 7564 3196 3081 4934 7434 8986 4915 9379 7076 1983 3185 4810 3195 7336 7134 4147 3925 2157 1938 4674 8540 6308 3110 967 9428 5129 3381 9054 7299 9742 9883
61 38 8918 8749 8356 5732 4151 4804 1959 4312 2938 3552 30 6295 3463 3886 9646 1182 8320 6679 494 4592 7698 4376 29 9457 5430 2089 9951 8716 2640 7417 7958 7930 3541 5307 4295 5027 6970 3507 2791 5875 4304 4593 1642 7665 4800 3239 688 375 4251 6608 4590 6465 1873 3874 4528 9097 7244 3556 4220 4433
55 8053 9598 7488 4776 7781 6131 6412 2813 8767 7341 5621 4400 2559 5965 9141 6111 6991 6864 9618 5219 2752 9789 3421 2604 1627 5724 1816 4774 2969 7325 7546 2611 7813 9256 2047 3432 6781 6436 1316 1587 6937 2104 6764 7701 3344 9578 7807 7016 2984 2046 9397 207 8748 1604 7078
56 1158 35 9648 5104 703 4747 458 34 1177 3045 2960 9591 6336 1725 9538 9490 9692 2900 6294 3891 5768 1146 3944 308 4246 5076 2718 2742 7669 7831 5960 6854 5043 2019 9734 8081 4563 8287 9895 7618 7632 5690 9233 1276 7855 3416 9566 7582 8422 4878 6316 8358 9662 344 477 3898
66 9107 6926 4960 9868 5540 6520 7801 2792 887 8212 7449 7294 5982 2663 7010 4307 8370 499 2014 821 5066 4743 6571 7512 5291 951 1423 9505 4148 8369 2139 4008 6575 9342 1842 2348 8972 2209 8405 9529 5435 8642 4388 8921 6118 358 5490 5262 109 2129 5856 1167 5398 859 2848 2974 3693 9340 6964 7091 9596 7741 5674 4647 8351 9996
52 147 1148 865 9078 8407 74 5995 2308 7567 7319 4418 3395 6237 5302 158 4169 3873 9774 8072 85 2967 9631 5475 5159 2802 3942 8711 979 1220 5999 2185 4698 790 5925 2362 2116 2682 7586 9633 322 7991 436 7376 2299 1980 5520 156 9442 2125 8033 9712 7655
62 9421 1950 786 2444 6634 5870 1420 1492 764 418 9706 7321 9784 2947 3640 8107 1268 5596 2181 4728 3823 3514 4134 3938 6147 8631 6574 265 5487 5075 5902 830 9928 7866 6786 6453 3442 7266 1668 7638 6909 5606 9515 2445 6933 8194 7375 8756 4718 9899 3312 9510 9359 4029 8917 9652 5081 7710 5314 6846 9891 6500
62 9274 7377 6179 8877 4082 9719 2818 757 6187 3699 6627 5551 62 2457 1756 8142 8920 479 6653 937 5665 1252 2949 7936 5380 5534 9302 3781 7808 777 9678 4947 6950 3053 6250 3435 2864 7240 8563 4581 5319 3617 6354 7108 7062 1048 7734 3476 9239 2215 4496 4461 6297 5547 9238 4382 7152 8213 75 152 7758 5455
60 9190 8985 8238 2871 9052 1521 3026 2986 1790 8482 3809 7916 3318 6049 4690 8854 6636 315 6084 8689 7071 2269 755 7511 2635 2267 3757 3497 1300 5535 9747 4399 9349 9711 3993 2293 9688 8943 3729 5954 1059 3033 1428 4027 7115 1080 1184 129 3651 2583 4205 7000 4931 3884 3094 8310 617 7767 7883 999
58 7795 1201 2068 6087 4150 1429 2999 6036 2916 3121 8133 6418 7246 8885 9009 9933 3702 4632 8168 9726 6401 5616 3019 4787 9949 7743 970 3041 9376 599 1683 9172 8036 9680 115 4671 8731 1582 508 4192 4495 5524 6070 8740 8325 9051 668 4446 4746 2083 7066 7841 5 2681 6080 7037 7179 120
66 5821 1852 2851 4586 7079 1275 8795 4004 8736 2613 7059 3616 3776 3477 4765 4626 1830 3983 1730 6901 7824 2495 8596 1431 2378 4938 2172 2868 7060 3621 8446 4000 6640 2001 2749 8372 8999 8058 2856 2463 5657 4923 3483 9814 4083 8945 9480 2778 7339 2601 9609 6335 1674 8535 8180 2359 6696 1387 1015 7854 7616 7652 7896 6850 6063 7426
61 9934 6528 437 9462 1228 9689 8579 2653 3118 7213 8397 429 6812 8156 8284 9382 1034 2572 9764 6997 240 2645 9624 9247 2673 2192 3095 860 1895 1489 6819 5989 1128 2822 3535 82 6729 3433 1841 3828 1100 1818 9293 2512 5901 1669 182 8068 1801 5549 3548 5922 5861 3174 8317 6754 1559 2809 5544 368 5231
59 6995 5345 2021 3188 7311 1708 1765 9200 3314 1593 5198 9884 9565 4071 4413 7554 2386 5636 4888 623 9455 356 272 6462 6083 8208 9887 7215 9320 8547 3375 9932 1641 7867 3999 2337 2008 6784 8302 1067 8429 5359 8088 3298 870 9813 7211 8966 585 5602 8389 8894 9860 8431 2131 3866 1227 6379 1168
56 7692 3573 7749 3397 3646 3491 9053 4099 6831 861 3382 8573 3934 4054 3997 9921 8739 8699 8092 9500 7394 570 3758 8867 2489 2754 994 3571 2527 4834 6303 8956 7457 7310 9769 7966 2061 3875 1514 3754 6755 788 7020 1187 1347 8338 5411 8595 901 4445 9155 7629 4623 2169 9006 4105
58 8655 6330 9893 5390 729 3393 6610 2902 4694 8946 6282 6621 9331 1577 9994 3639 744 3769 3684 5044 4168 5935 1372 879 5000 6811 9941 5217 9372 2987 5515 5591 8049 289 8377 7316 4040 8303 8728 3408 1121 1183 198 2562 2807 1374 1508 9259 7252 2198 7239 1437 8224 1880 5200 4398 6531 2499
59 1448 9338 7193 6110 3791 6156 3906 6606 4605 9441 4536 9209 5552 1927 9897 4453 9036 178 5108 8063 1103 5680 878 8666 5402 4182 2334 7718 8816 5948 69 9037 791 4124 5065 2127 2770 8447 1965 496 4986 2108 6114 9758 9436 4756 2508 2375 5978 8266 4823 2883 5778 8289 871 9474 549 9909 4801
55 4551 4207 3194 4397 5610 4620 6802 5253 6357 1319 3631 8701 8305 8586 2511 9126 7054 4987 1846 3572 9165 116 3876 4883 1943 4794 1539 5565 9027 977 96 3248 4832 8095 1780 9780 543 8309 3496 3783 1661 586 8368 6090 1500 8895 8822 5119 468 4088 2741 140 2474 3366 3946
58 7533 8069 6843 1706 7874 5194 4309 4768 8677 5646 6674 6280 5765 1986 8032 447 8195 4110 7256 162 597 1084 2345 687 8319 6191 9106 5907 6719 4872 8564 758 8104 2755 9269 1565 2538 6678 9778 8847 9064 1667 7845 2843 5142 5660 1369 9435 7763 8611 107 3189 3973 8875 7647 752 8607 9392
54 3701 4828 5399 5370 6731 3342 5318 6771 9918 2441 3076 4011 6751 4443 5494 1233 6002 2107 7627 9454 7863 2943 9222 9306 2332 1719 1887 1948 2315 4871 9007 3861 5070 1705 7988 2648 9978 6239 3385 484 6107 1484 6135 2272 2074 8793 4154 1979 7778 2486 6205 8717 1359 4914
61 5230 7367 6511 8675 4155 5341 9082 5661 7196 3850 2709 1573 6180 2622 6435 9760 8276 6934 9142 2841 8527 9917 6132 37 2316 6242 9481 7895 9681 996 1339 6273 7875 9556 4639 1030 6020 7770 6210 3717 803 254 6025 6904 5522 5992 371 8696 3820 6767 1243 6803 1531 5698 144 4749 9242 9989 5509 1055 8718
67 3311 8343 8893 398 5286 5710 5264 6047 3427 8181 4730 4208 6512 8468 1033 6897 680 3255 4985 1942 9149 197 3978 3773 8419 8239 5234 2728 3663 7237 7352 4981 3559 2041 3605 3359 1987 8458 6506 3247 2409 5576 3914 5701 5911 4723 4930 8518 8857 6757 2634 8662 5664 4305 1204 3202 8014 7126 2889 3096 5227 83 7478 5638 6484 6277 9670
63 6826 9922 6560 298 7761 5068 1270 555 6711 644 1554 1504 3083 5904 5987 2394 3465 3916 6238 3106 7791 738 7164 438 656 9973 5903 2891 6981 6262 1882 4345 8517 1995 17 1376 1760 7975 8909 2992 6514 9467 1814 632 8215 8996 6478 5058 1364 9387 3488 7559 6464 2980 6794 4683 2656 2237 362 3893 8896 1827 8400
62 6664 4244 7011 2286 1361 1685 1054 953 7806 932 2493 7566 7836 553 130 8860 5757 2886 3124 7776 8230 5513 6230 4973 4916 503 3653 412 1443 5581 6494 7926 7825 442 6861 3768 2603 5951 422 6467 6714 9411 9046 7915 8751 3234 7077 5317 1127 3665 9602 9264 1292 1750 6884 8034 312 4514 2522 5452 9333 4964
64 692 4126 1278 4530 1486 7042 6312 2473 6603 3920 3610 7562 3211 9852 7255 8585 9879 3297 2964 9528 3635 6224 4096 4484 8616 3144 7528 8770 9684 7731 4114 5382 739 4904 4703 4604 9407 8242 519 3219 9008 5340 1503 4478 6052 1006 4653 8322 1138 2207 7751 2823 1746 127 2288 6064 8491 2030 8876 6212 7462 9487 4455 2150
60 4412 8771 7096 444 9244 3079 5885 9285 3994 8741 3173 1567 8261 6738 6030 1483 4635 3871 6235 4465 5639 9583 6598 387 4662 4504 4890 672 8721 2708 3733 6449 9433 7827 3372 5152 7645 7617 48 888 464 3316 9113 8692 9666 8837 5886 2287 4383 9070 1949 9415 6721 9513 1795 2638 1602 3293 3400 2772
58 1345 319 4905 9449 9892 925 4791 9571 754 2758 6427 9263 4753 6541 3692 8151 5516 3217 1151 2470 6994 7979 221 7750 9856 1189 6485 7460 9714 9175 1591 8900 8330 3509 927 4520 39 3389 3446 5351 6096 3170 4809 9981 540 3943 6632 7755 5464 9182 7681 7293 6106 7045 169 8037 6857 8233
57 7499 636 6770 9169 6358 7590 1670 2602 3772 5831 6006 992 5842 5585 4363 4104 5172 6887 8285 4738 4783 89 1010 7128 8438 3865 6376 290 7349 8050 3818 4416 5560 834 2349 1198 1412 8051 4254 8935 8559 759 3579 7575 1781 6565 5409 1581 5158 2935 2652 6425 7107 5017 6542 6196 3858
58 5063 6554 7419 7358 1678 8454 9202 4867 4835 6050 6852 4181 6039 9597 544 1222 624 7600 2720 1142 6463 2801 6822 1153 495 7450 9656 2502 5767 5827 7844 6699 1113 1903 5197 8214 1340 6209 6691 7897 7911 7088 2318 59 1172 1042 3804 6104 281 9199 9148 8459 3567 8829 8381 8457 2297 631
58 5199 3088 4971 7909 8008 5308 8026 2557 8075 2543 5405 345 2329 5697 5878 3387 5396 9432 5462 5277 6331 2194 6408 149 6911 1738 5834 7015 4428 4876 2966 606 8395 1893 1797 2924 8121 5275 7362 5714 5206 8373 5472 6910 4301 4427 216 6706 4394 7983 8766 5945 7479 8624 8466 9339 5294 1819
57 7505 2953 9420 1962 3361 9833 7935 5839 8568 5117 6583 1194 541 4108 9325 1014 3071 2223 7840 7034 7204 5136 1440 4849 638 2178 6761 5375 9289 9173 4245 3827 2307 4622 9819 6900 3374 736 8772 4206 7412 4813 2059 3989 5973 1393 9098 267 896 4552 1097 118 1733 157 3238 4526 776
59 202 7823 9950 1129 6875 527 8448 5686 1772 682 6498 1051 6686 6820 1418 7592 7245 8004 518 9130 5094 2250 1248 7928 406 1947 3215 3341 3280 2768 572 1020 3697 8639 9588 128 6165 8201 2060 6089 3367 3009 8 4875 9136 5823 2901 9352 1532 8296 9642 7209 8869 9721 3847 1918 3760 8169 5643
56 1247 7792 5407 2689 8665 6760 2731 1625 6525 2033 5968 838 853 6577 1976 6586 7832 2942 2497 7799 900 7784 5618 3786 6505 5212 5051 2701 2389 1290 190 2870 1732 515 2693 3204 4977 794 9984 242 2658 1549 7197 9904 6399 697 1208 9968 5758 6766 3905 8487 2617 7852 648 8366
57 5895 5255 9494 1871 6243 6041 9066 5126 6553 8361 3128 9654 3862 2298 9531 9245 1516 652 6469 5132 6351 8883 6798 7762 6920 8747 9512 7656 6845 8136 5608 8160 7999 4577 7667 1506 663 9700 912 3063 2321 4937 3726 9389 7176 2739 9880 1934 3718 673 7120 126 2270 8667 7322 1307 2994
54 2563 400 9114 5588 886 8275 3049 5835 3210 3082 4403 9557 5378 5833 325 1676 7313 3513 8347 8774 4498 8715 314 1474 1794 5469 7265 6369 318 884 2616 7922 1838 1472 7305 7894 4771 4975 6300 3565 1586 6193 7679 3910 9853 6124 5268 3558 9798 4459 4886 2954 3880 8382
68 3856 76 1630 1037 6362 4925 3368 323 5504 9129 7871 7106 704 8348 2978 6091 4094 9443 2661 8656 104 1102 2282 881 3138 1843 5908 863 5728 2326 1147 3922 5141 8280 2951 4025 3223 3244 9334 3725 2094 6112 1592 1782 2657 2187 7119 9815 9745 7141 3324 5647 9251 1899 874 2251 6325 4636 7956 7443 8674 6858 7318 2696 4991 9937 3770 4608
64 7615 9592 9995 5529 217 3957 8349 4179 1595 1481 895 1632 3977 8062 7594 462 7848 8630 4984 8698 7939 582 4296 3803 8147 5335 6823 750 693 7144 6671 5406 1152 8177 2529 8990 6795 5360 6508 565 5763 6660 6986 3522 188 7705 6676 3425 5617 3498 4843 7903 3281 9768 9636 478 2410 7732 6540 7803 7359 6085 6821 6424