20 8703 2079 7546 7102 9871 8609 1355 876 546 7532 2234 2694 5175 8668 9519 9146 20 5077 4271 4729
14 2735 7224 2717 7715 1643 538 6556 7871 3412 389 7069 4490 6342 5877
21 6689 7318 6493 5710 7430 7580 4020 6966 4645 1968 382 2614 386 5512 9664 3658 8635 2767 1195 3107 8331
19 3090 9267 5757 6710 3116 9972 2320 2477 3597 2633 2995 6531 7833 1074 3741 391 5253 1076 2809
17 1209 4624 9549 5234 9190 1693 5422 46 3770 4971 9822 7900 5305 6165 4335 1011 3491
21 6466 7512 5377 640 2570 908 9075 7234 1431 7237 4970 8076 3214 4946 1742 2822 2606 7289 8718 2508 9198
18 5018 6558 457 6842 881 2473 2652 6237 2972 7339 3673 67 1914 7886 1017 6432 191 5578
14 9313 1142 8536 3840 3565 5656 9537 9276 2797 4006 5368 9095 1559 6761
19 2519 5402 3601 933 1963 241 9678 7135 8909 1466 4266 3574 2204 8525 7519 7469 2211 5714 7878
16 549 9815 4291 4372 3636 660 4034 7762 5861 8687 5967 4634 8511 7651 4138 8984
25 4525 9402 5214 8338 1628 8682 7883 3057 6580 8116 2377 7984 9632 2272 5532 6262 8280 1578 548 3733 690 796 9776 1966 4446
15 5934 4546 7792 1208 7260 8623 8771 5223 4283 9339 6445 3780 707 8377 4922
11 4679 4718 2768 9039 6427 3080 56 8211 2441 8535 9336
22 88 6654 4194 7196 5584 7503 7573 4019 575 5587 3968 2858 8592 5800 1600 6844 1599 8083 5854 9334 2225 418
4 7109 8111 4951 7700
20 2465 6735 6475 1684 2480 1553 6716 5250 7384 7781 2994 815 7514 411 5949 1497 7968 778 2818 6768
23 4309 4170 6420 4940 4806 6274 4063 2602 3646 3496 3977 5625 1119 4581 1928 6508 5264 1825 4445 797 3858 5046 6221
15 5970 7891 4782 9375 7811 3901 9896 9694 9884 9767 728 2632 668 7893 2620
22 4839 7020 730 1252 1601 4035 3117 6336 1415 4213 9478 8918 3406 6612 4754 1744 3268 1231 421 8482 398 7476
20 5324 1625 1995 4826 7683 6076 6698 9440 3694 7125 5357 2778 367 4179 2450 2170 5312 3279 6233 4203
5 719 5301 8960 2478 3560
18 606 1414 8370 4405 4065 5193 6571 183 4631 2980 3383 1807 4680 4896 314 2300 9380 242
15 423 6329 2711 4507 2167 9751 871 379 2407 6824 8539 4373 6050 3479 1344
12 6031 8099 7454 9060 5153 14 5688 3652 3543 6997 2490 795
24 187 4184 3017 3398 6261 4966 9458 1660 4328 1271 7341 5083 6609 8143 4850 2303 54 6468 8572 9454 424 8375 7795 4022
13 1066 394 4260 1778 7707 6687 6586 5932 5845 540 2456 4047 5059
2 9504 7376
5 2581 9317 3562 653 7215
13 5335 1194 9620 8273 9070 4300 7513 5219 7145 9221 174 2658 1350
24 8175 1860 7406 3875 9625 6927 5366 9156 5702 2043 4426 4660 276 9801 359 4386 6632 3456 3744 9555 2329 5953 224 3545
22 1560 8213 1674 9109 9680 3783 2654 6570 178 1098 7143 3222 1671 6841 7241 8208 2879 4189 1514 6266 7714 6753
23 4758 7198 3317 7874 665 5503 8194 8742 3746 1412 9082 6201 7935 4964 8676 1839 2066 9777 3260 901 3042 1009 3749
4 3817 7716 1418 6933
20 3580 8073 3445 1175 3802 6809 9846 1459 4470 2631 6940 2354 5412 8053 8260 2138 9577 8690 9131 5596
14 9256 1282 9508 216 1782 824 7155 9578 4812 2985 6958 5376 8850 7201
5 6252 3242 4847 7634 3367
9 1273 3160 9282 5699 6984 3721 4541 2288 2597
12 7499 7186 7319 1111 9477 6357 1352 9394 7457 2515 4767 492
25 1867 1024 9144 4228 9819 992 9737 4503 516 6838 122 5259 9250 5419 4176 7473 4462 9391 1482 2554 4522 1701 9517 5065 5836
23 7965 3257 493 5777 9795 1460 7232 8037 7263 1725 40 1008 9226 6848 6602 2646 888 393 1128 3942 6434 3586 2530
12 6822 3640 7355 6522 9594 9119 764 1731 7899 1247 573 7395
13 2432 6189 5500 4920 9002 607 4366 5838 4045 106 2174 6515 4699
10 7070 4467 4809 6755 3996 3056 488 8654 6191 9211
10 1178 9421 5655 3523 3642 9057 8923 840 3737 770
5 3055 6110 7249 9927 3867
22 4742 7711 1959 3502 1331 4355 3839 5550 1532 2846 6389 4620 2190 8234 9285 4037 8999 5055 1962 9281 8301 8057
2 8890 4476
13 6002 2233 4635 615 4520 2496 1708 4041 9168 3229 2276 1829 5198
6 8773 1991 5047 2410 6185 3132
12 8292 1635 2132 4205 6584 7411 5100 9019 9650 7533 5225 8934
4 672 7849 9459 6870
18 7475 6529 3424 3510 8868 4953 100 8882 8804 374 8542 4340 1154 9244 80 2001 8929 5501
25 8477 8262 9495 9804 4957 7759 4021 9232 2543 1048 7366 9006 1395 9955 3283 2334 4425 1362 5283 1495 6715 5474 9176 8350 2070
10 5235 2589 6786 9640 8192 9493 5293 8957 6490 8943
18 6277 4959 6200 3972 1245 7916 1676 9641 8799 8627 1624 2348 2010 6227 5755 3604 9340 89
12 2720 8209 9401 720 6029 507 9610 6222 3691 1464 518 2939
12 9409 9405 368 7095 7517 6500 6688 746 5485 8319 3097 1730
13 2920 6485 513 1276 3739 5724 8719 4305 1576 3110 3032 6400 9417
20 4094 9733 1489 428 4657 8795 9419 4595 9561 2220 599 5154 5166 2860 8756 5613 1726 3417 9721 4339
8 3629 945 7372 4686 5620 986 8306 4811
17 3607 4200 4720 9575 6000 354 5169 9195 5031 7078 3753 9023 2684 7767 7523 3298 8154
24 677 8587 4084 3885 671 4123 7010 425 5310 3133 7830 134 3808 1740 954 4933 4216 7084 2853 8867 298 3569 7509 807
26 1097 3651 7648 3411 9613 9341 8367 7276 252 4331 3165 847 8540 889 9870 2685 6557 5745 4596 2013 2592 3863 1958 1226 8527 4473
21 5497 7088 3066 6352 9872 633 85 3102 3524 4278 4907 350 2341 9079 487 1713 4157 9277 2243 6260 9374
28 9752 6159 7000 119 7174 7732 2585 646 2360 2314 2906 6306 779 4055 2861 3399 9431 8498 9201 5774 8515 1158 7369 1295 5563 5125 8131 3422
19 6670 7612 6304 8448 7934 7847 8595 3513 2075 8801 7394 2749 8387 5680 3175 2094 3718 6060 1452
11 1757 2357 2681 5626 6742 4141 2927 8030 1160 8303 4552
29 5440 7709 9012 8915 1503 2635 5187 3215 4171 3451 4798 691 1004 7149 6730 689 537 9425 6637 5492 6992 413 597 810 8 2312 2130 8022 9312
10 9514 5858 7927 2031 1201 7882 4555 4371 4415 5903
20 2571 1447 6155 5816 2937 5830 6896 5701 2270 8798 7650 2462 5736 9257 8503 9781 1312 8265 4725 9034
11 563 8669 9218 3001 4671 7307 4968 3987 8594 3289 5524
23 6381 8203 199 1500 6729 2831 7096 6971 9963 6248 3211 6888 4135 9235 287 6936 6621 6979 12 1454 9172 5555 6960
22 9003 5808 5698 2425 5352 5428 1369 6213 9062 2386 8800 8018 3790 2621 5597 8680 1621 7908 7390 5580 9004 4241
12 3549 9503 6125 6021 2464 6244 5553 8404 3723 3259 3950 4776
13 4601 7889 2520 6192 9586 1977 5815 2209 7171 1942 3609 1067 3465
6 7657 150 989 2235 2660 3247
16 2015 1831 2713 8590 1075 3630 6801 236 6872 2598 8735 8612 1923 939 3378 8847
12 8708 8104 8285 3915 146 169 896 7278 9505 7829 6190 3974
3 7270 6517 3930
9 9847 7993 9813 4153 9483 8391 7943 4091 9488
11 2883 9412 4207 8766 3453 5135 853 3315 6283 3230 4592
8 9913 8160 4012 6970 4567 9442 6090 2095
7 5445 7104 4196 3991 2856 3539 2260
19 9976 7314 3544 7380 1294 115 7466 8164 1589 5289 2042 453 5793 591 1036 6278 31 2540 2287
11 4078 4223 8351 8614 4938 7245 9731 4588 70 3064 7036
23 8310 7455 9595 530 3200 6818 6601 9923 7043 7187 1179 7490 543 3150 6709 9258 2491 2905 9123 3120 8897 9243 7906
24 4008 19 9128 2782 95 5054 8989 2799 5690 2665 9234 7576 508 1255 5191 293 223 8215 2759 5928 436 4140 1038 9387
14 6263 567 8274 5507 5892 381 2741 7682 9044 5545 4553 1343 7566 5937
20 1305 6884 9078 6474 3420 9832 1079 5088 3326 5844 6297 3847 5016 5106 8634 3179 7664 763 4432 976
21 6815 9649 6741 7236 4028 2754 4786 2667 2760 7763 8738 7725 7887 7421 2014 5935 7991 9614 3069 8556 3427
15 3307 5721 5711 6652 921 9928 5899 3146 6839 8749 9862 2158 4837 3243 3207
12 4071 7346 6816 3413 6837 6084 5617 7057 1088 2544 6723 383
15 303 5744 8224 951 5779 1529 6017 9692 1868 3172 8372 325 7937 1938 9465
27 1335 2603 6455 6836 5955 4409 7840 7162 4400 6946 979 7624 8547 9114 3300 1750 1711 7258 4797 8655 9008 9567 8808 4160 9766 2253 5791
21 2917 8447 4088 1272 9118 6537 8523 5116 4944 9074 9987 2437 9629 5614 7706 6099 8849 1095 9936 828 8217
14 8731 400 4717 2700 2447 2687 7396 7658 2145 7026 5150 5631 9573 664
12 8878 2693 4777 4963 5456 6691 9041 7740 8251 6258 7824 5646
17 1138 6756 9382 2934 6647 9962 3986 4096 9706 4067 1289 2257 5038 1881 9154 6241 7472
15 9619 3236 2422 1177 2497 3319 9457 6989 7344 649 8316 9881 4821 129 2528
4 7013 392 3883 8877
13 5300 7287 1869 4863 6575 3701 5695 3227 5564 2439 434 2445 8956
16 1315 8783 3976 2896 2651 1222 5913 2857 5603 1779 7697 10 836 500 420 8727
25 9707 8024 3334 9104 2352 8368 102 9033 5008 6163 1790 1029 1387 2325 2433 4748 7970 8608 1940 7964 8613 1003 3812 9296 7613
13 7861 8711 2534 9152 2274 496 3804 9197 1481 8580 4057 5244 9668
18 7429 1384 2198 3022 7698 2997 823 5409 9655 1330 215 338 9470 5851 3890 9765 136 4793
19 4059 5213 2928 3512 9116 645 3345 3122 2264 7296 6513 5360 8427 6299 7979 5236 9451 1929 2628
8 5192 2536 6875 2881 4705 4411 8156 7601
14 7936 7592 4651 4825 1836 8846 2826 1241 7158 111 5436 758 4622 2953
14 5299 6502 209 9657 9492 8236 5124 3062 7274 9420 4073 9894 2177 9288
9 6783 3540 1313 7567 1792 3047 2600 5091 2072
15 7463 8489 1251 5920 4115 4914 2696 7684 900 9793 8396 3975 5543 2671 3288
4 3167 6150 1399 8345
17 769 5727 8629 2626 9487 7277 3414 3232 9645 7769 1424 3536 6483 441 8443 2427 7522
9 3696 6225 4436 4434 2925 702 579 181 2902
15 9305 6745 4326 2924 2680 8268 4770 9686 5022 6516 8479 3872 2593 4158 452
6 9563 7435 2718 6492 1547 6603
21 2247 8302 7428 1054 3058 2041 7211 9710 9833 9424 6930 7654 2765 6560 2222 4926 49 9771 1148 590 7467
12 4377 9090 2690 3842 9681 6272 1422 1168 2393 7178 8475 7206
23 6412 8459 8198 5732 830 922 7912 8951 3530 5208 5715 3212 5739 6180 4609 3941 4509 3184 6118 9915 4891 5037 7604
23 713 4428 6053 7086 511 3220 5433 348 1250 1062 6367 5465 8767 1469 9017 4961 2744 1665 8279 8044 6016 108 4577
25 2135 9544 8328 7870 4450 2930 3793 4888 3373 2025 2938 7701 5537 7286 8286 2367 6487 3899 7297 9637 86 6585 4277 5063 962
13 2949 4575 7666 4250 895 3663 1319 3576 8861 9241 6650 3204 6606
19 700 7156 4648 8382 1508 2207 7901 5426 8243 6098 1391 8051 1396 473 1444 6174 3897 9124 6018
9 3442 8715 1206 3895 1568 7062 1999 7584 773
5 5137 724 4582 1140 8631
20 6831 1651 6245 5511 4139 9897 8652 4398 7316 4358 9542 8526 2155 8706 4484 1619 8508 8163 2755 3711
23 1543 2738 8713 8832 5090 1777 9182 9429 7387 7633 9133 6925 1810 688 5498 5053 9200 3041 18 6458 4186 4129 2221
13 6901 6658 442 8521 846 8042 1106 3366 6066 2290 1364 3570 9287
14 6403 2246 4264 9988 6679 4526 9895 1675 6217 3310 5977 8178 2664 2815
15 3156 6404 1973 3285 6820 2365 1775 6878 7053 7165 2073 5458 5029 7404 5035
4 2384 4803 6479 9803
23 8518 1784 2523 6338 164 4587 3112 6313 2404 7134 2453 4353 342 5804 9930 6697 4201 3089 5142 8411 6664 4177 9648
9 5769 1170 7585 3830 5158 3051 907 1880 6344
22 9393 8736 2143 3603 802 2577 7438 7203 1311 6672 6737 586 3689 3297 2435 3460 1969 9215 5876 6919 7173 6766
21 1515 8021 3833 7668 422 7816 9948 4195 2054 3509 9784 1538 8045 9059 2146 3162 1645 1180 2862 7986 7809
12 1992 1697 3375 2409 7448 6132 2240 821 5021 282 581 8330
24 9325 8484 5572 3947 6942 8093 2077 5228 3949 7730 4441 6910 275 304 7285 9725 9342 3515 4908 1683 1087 3093 8517 8365
24 7928 726 4794 7574 5756 2333 8191 3181 990 6832 6793 103 9661 4360 4612 4146 4298 1802 3369 6212 3724 5415 5588 6022
3 8670 8069 1704
28 6807 3430 2440 3938 5351 7628 832 7548 1325 461 8560 1716 4564 2636 9571 2903 5468 2201 2824 4934 7423 9690 4408 8249 9811 1207 4145 5248
10 4435 9274 7572 7662 2482 2675 7150 6683 4988 7581
13 2009 5875 9030 6567 4403 1443 369 5394 2345 4681 3158 5281 8332
7 8640 3596 3849 5562 6226 7773 7014
12 3869 5856 284 6316 8768 7209 4344 3098 1246 1939 1244 7192
24 3253 1090 6473 7686 9065 7479 9165 4089 396 7903 7231 3174 2197 6478 2097 5200 1103 8802 8468 5753 566 5848 4243 1682
22 8329 2838 9255 1260 2731 6512 8151 5951 8058 8610 7266 6692 4529 4514 7623 9069 3415 5209 2833 5494 1139 8633
23 474 5487 2649 5303 3993 7636 7425 4497 6331 4147 2206 4043 7313 4801 3337 9094 6011 1662 4315 1961 2922 2163 7565
22 5868 7373 3191 5650 4854 1232 9265 120 1523 7837 2086 9219 6974 8317 264 7481 480 5749 4273 2227 9970 5144
22 375 3575 2455 8434 5712 6526 8529 6380 9952 4477 1875 6437 501 9919 8107 2081 7200 5348 6242 8098 6111 9390
14 1105 7941 7176 8721 2506 4647 5383 6623 5461 2806 3255 4156 9476 4962
22 5693 7471 5996 135 3114 3789 2033 8695 9539 2810 1338 2910 5559 4632 1974 6661 4427 1426 6576 5455 8122 5647
5 84 2714 5480 9753 1569
15 9140 7116 2915 9045 2992 9179 5050 6744 3837 9223 6073 4133 5629 5275 321
13 6706 8739 4833 168 4048 1649 9055 5151 2421 9025 5900 2169 8238
4 203 2724 1212 4716
20 7956 2026 9543 6058 6293 7239 3155 6319 5870 3955 3385 5177 8723 7214 1043 2821 7311 4909 464 3111
22 5717 7230 6360 9353 4602 3468 2979 5405 6593 5901 5379 8025 186 813 625 1542 4996 6294 4695 8120 8710 6869
18 2695 5237 655 2663 8188 6089 930 6460 4397 3877 7351 9865 404 4229 3492 4905 2411 5988
20 768 7704 4875 6340 8575 6967 3169 3675 1368 2151 9727 8478 7771 2131 2683 7035 1652 8171 8467 2564
21 4090 7210 2605 8419 1102 8112 9262 2187 7988 6566 2599 4521 4960 8465 9338 927 7524 3043 2659 1437 792
24 9084 4885 8426 6265 6186 7442 2981 3622 4802 4711 5139 8524 8992 6385 9455 9173 5834 2391 7039 6950 4904 2032 9430 5561
25 2356 9974 3403 6718 5663 32 6399 6346 553 1595 2121 4562 8974 539 5805 8757 2647 8626 6788 9993 1677 9532 5775 8925 966
13 311 4394 7440 5981 6977 2004 1347 6368 455 9834 3386 9545 923
27 4379 3208 5189 8464 2639 4659 1587 4643 617 3958 2128 4756 5803 244 7334 112 6171 8258 7333 2331 7625 8924 6291 3046 4296 2618 1410
14 7399 9452 9627 6922 4869 6985 9538 1281 5994 6659 23 8019 7977 6676
21 7561 4511 3068 3199 7152 2653 4744 6902 7048 3635 9816 5548 2991 2263 5924 4303 9196 2819 9227 7112 3886
20 568 7846 4910 6012 8772 9273 7477 8245 9541 5728 4175 2625 5972 7905 3945 3928 9536 6533 7855 9566
20 4494 8323 9744 9769 5662 7364 5679 9652 692 9490 3078 1165 1890 903 1858 2136 2210 3390 1646 532
10 8950 8792 7465 856 1845 127 4070 7834 3903 9770
11 6541 9246 3381 1265 3467 1080 6411 7183 8898 3478 6527
23 4948 9191 290 172 8110 8504 4593 629 8263 7169 7501 2837 6774 5575 9021 6095 925 642 5960 9960 5179 8543 9606
25 6198 3276 2293 4665 5621 8059 6034 7535 1152 1453 7445 8266 9859 8883 1501 1132 2872 1021 2888 7563 5232 3825 8392 623 9311
9 5860 3245 3354 7444 7367 8666 9736 3643 7753
13 9888 7293 2942 9636 1949 6356 7246 1263 7595 3418 9346 6518 9489
21 519 4475 9306 1326 9951 7092 2171 8510 8063 6773 3747 9665 5826 1659 1354 1278 2423 3500 5174 7696 8501
19 6663 902 481 1994 6425 4493 4986 1181 2415 2052 7879 3438 2500 995 648 2656 2864 2208 1336
3 1135 1948 1633
4 7913 1679 7990 7275
22 7957 4661 975 6430 5036 2673 2011 4356 1979 3372 7645 78 1786 3365 446 4551 5130 3522 8980 5280 3528 3819
24 3444 6199 6547 4003 4658 1474 1346 560 1862 2884 7301 7569 9433 9358 4912 7385 7295 8880 390 3681 3185 2691 8222 5459
4 3654 3535 2813 8152
8 2061 1113 1524 8554 5719 7492 2591 659
16 4855 8458 3490 5602 9511 657 9364 1436 8257 7924 4456 9593 8343 6777 7760 4828
26 6115 699 3572 3426 8637 7382 66 7256 1256 6784 5764 8662 9783 1783 5675 4478 2895 7185 5784 4466 9773 7801 6569 1573 4103 4759
5 8758 751 886 7515 4796
16 273 739 499 2213 4874 213 7752 5196 5643 4215 460 3766 9129 5398 4124 7059
22 7040 8699 6206 4246 6454 415 708 6484 6865 8826 8289 9630 7797 505 5081 2726 3983 5616 818 5665 8677 9912
24 6916 1227 2788 2118 839 483 9180 9392 8671 1537 9900 8827 8097 8492 9748 8709 2727 5624 2976 5718 2847 5944 7881 5632
3 55 2736 7813
19 1776 2399 1835 5241 9475 3482 8970 8026 7949 8516 9337 8049 855 471 1582 4610 5623 8119 4898
15 1833 8055 608 3717 2036 6523 4990 9763 7268 7154 9558 4350 6507 8558 9484
20 5086 8425 9087 4836 7692 8094 6279 4879 7873 6443 1591 2084 7556 6894 2716 4785 5652 4799 3035 2964
21 541 8449 4421 718 9634 9171 2059 3194 8737 8981 1943 6808 4692 2142 5639 3048 123 5544 2277 4042 8147
10 4637 3579 6068 9385 8791 8785 9842 6407 6544 147
3 8962 7948 7005
12 5885 7398 3989 4761 656 8421 2900 595 3261 6907 8553 3755
24 9679 9347 2642 1527 7737 6503 330 8615 9889 867 7066 9516 6681 4997 8247 7973 2987 5146 8891 6514 5504 8196 6080 240
12 7929 8978 9874 3632 6703 8353 3784 8272 9284 9584 8788 3028
19 3855 6752 1221 5668 982 2119 1886 6630 4858 5064 1756 6387 1650 9047 7859 7496 6052 4320 1257
13 3578 1525 3379 6636 192 4751 6941 637 3665 2449 7182 2638 2579
7 9449 8244 2762 5827 5392 5297 766
20 24 190 4437 8040 8991 9314 559 7113 2790 8851 550 184 3074 6388 7774 4052 3335 7733 5538 5669
6 3371 7082 5541 9524 8071 9569
10 117 315 498 7464 5912 650 6702 1064 7713 2269
13 4618 2296 2748 3865 854 8681 7284 204 4697 3238 6170 7223 3218
13 372 5218 842 8892 9252 4051 4023 765 73 6914 9940 1020 1230
19 4307 8932 3773 7446 7434 7534 1613 9381 8446 2645 5093 1769 1268 9772 5515 1636 4393 6917 8700
14 7401 4208 4112 1218 3795 9450 1667 8167 9242 2126 5400 8968 9472 307
16 6695 9406 5295 9297 4656 7034 5601 3970 5082 1109 2969 584 8755 5577 5333 9693
6 9523 9864 1762 458 1376 715
6 2869 9935 6296 780 4887 3981
22 4150 166 6804 8346 4016 2245 7685 5495 1324 9263 3735 9882 5527 7529 7734 4727 1915 1848 9787 1001 8618 2968
23 1005 8787 697 7876 208 4544 3940 8761 3669 5323 929 7507 6829 139 2701 9760 5162 7618 1972 7002 3313 5916 5798
6 961 4583 8774 8157 306 8617
20 920 3197 6164 533 9557 8187 6648 39 4792 6197 3271 5420 5810 7925 5677 1694 6177 8770 6113 7100
18 1978 109 5049 5347 6305 2984 7315 388 9300 7004 467 3650 5276 2830 8313 8137 7161 9024
6 4894 5027 6849 7804 2669 5160
3 9550 8253 7812
23 222 1512 3396 1830 9464 2323 6196 1169 3685 9132 5452 4722 5583 4265 7417 6126 2018 5918 7955 1086 4295 7758 7304
22 4058 9768 2780 5212 3119 3493 5660 8493 6476 1620 883 5094 5309 5479 3670 5884 5726 7338 7577 2940 3631 9639
8 9675 8149 2123 3866 9954 7783 5110 5410
12 9799 2313 5743 8410 6903 1146 5974 9058 8043 8424 6748 79
20 1664 8158 6669 2973 956 6749 6446 4880 6618 355 4667 90 8170 3820 593 1552 2064 7568 2677 7228
20 297 817 2784 5636 9702 2787 2952 9981 767 9809 7629 4515 5929 4369 1945 1397 3094 7885 6465 5825
15 583 5393 409 69 1685 475 2578 2173 3657 3466 2729 8081 521 4678 4417
18 8840 3138 3263 7337 9345 9130 9177 353 5076 3450 6138 5032 9162 8297 9528 13 9831 9533
23 4143 7028 5654 5089 326 3566 2140 8412 6719 4274 2558 6106 2844 9136 1727 2911 1385 3889 5138 6045 1115 1261 247
14 4346 1438 5818 7677 9631 6141 2751 2705 5290 9309 188 6559 710 8704
4 2316 1372 8967 6644
26 2559 4536 9473 4255 4733 1755 942 7342 5279 9101 9950 6898 6810 4388 4535 2563 1901 5149 3517 8794 4972 4841 9461 3284 1150 9259
21 7952 7117 7867 9654 6739 1884 2105 159 4724 3429 3314 3231 3625 1933 4097 7439 5828 5735 1579 3458 3125
6 1888 7575 944 3612 8430 8862
22 1040 1689 5829 2382 3036 6119 5642 6062 9570 254 4406 5767 5733 7969 2733 3144 588 8589 1581 6795 5108 2152
11 7119 2297 4258 75 7981 5129 4516 3405 1055 3346 978
11 734 3557 1550 7494 2852 6871 8998 3203 7453 5273 3014
19 4214 2963 8803 5240 3433 9159 8996 9785 6542 5558 9293 3659 1917 1156 9005 869 3687 9906 1699
7 3149 3826 3188 4080 3542 7110 2395
22 8204 8020 3092 7097 8035 8403 5557 8782 8746 6806 2344 985 3332 7892 312 5141 9818 9700 675 526 8036 1425
23 157 5615 1100 8902 4064 5566 2967 7579 9576 3364 5087 1912 9322 7538 8359 9453 2249 5581 2679 3656 7375 1006 8685
2 6321 437
9 5598 3384 9890 6413 1729 2250 2178 1817 4270
13 3988 666 4219 2960 7331 5007 226 7159 2266 3923 2926 4281 8900
11 8406 6924 1970 4410 5371 8205 9061 7281 6840 2273 2843
21 9283 9046 9944 4703 1491 9527 5263 9068 9546 2406 2275 1101 2702 384 2083 7836 9 7042 1359 5859 1935
13 7862 1239 5809 4121 3076 2459 5938 3728 1280 898 4506 2627 1758
22 6961 8557 3067 5425 7557 8079 8937 2368 7643 7940 6953 1834 1235 4740 3639 5194 4774 3762 3853 5857 2117 6693
6 4842 3358 4531 4911 2840 1408
25 3103 3049 5060 5369 128 6409 7884 4017 1721 3623 462 9167 3359 7405 8013 7294 9715 2962 6195 7087 9656 749 231 3254 3638
19 3457 1593 7768 435 9712 5437 1644 9812 3044 1337 7521 3774 7022 2372 4967 401 7133 7093 8948
23 9216 4537 2495 3605 6498 9135 4639 1509 8324 7037 6885 8926 8004 2414 7832 6256 9502 5435 8232 6853 7586 9677 4363
17 622 3779 6550 225 4099 826 5014 9031 1461 3121 7807 6811 4370 8754 620 8893 3870
16 5406 1323 2657 3105 7172 2000 8530 3082 3205 1937 7222 6728 5389 9403 7480 835
21 3693 5227 6536 8653 5107 4485 7933 4384 5847 1639 8431 3495 8068 7031 931 3653 7079 3441 3611 295 9608
14 445 873 8344 331 1089 1691 1607 1044 4310 5443 3514 1510 2090 4471
10 2986 1874 9157 9709 4419 427 4568 5476 1304 6994
15 29 4781 9602 6450 210 2442 1647 161 5853 2110 2640 4105 5256 8605 722
7 3471 1734 9845 3193 6289 1828 7632
5 8179 8586 6765 8088 3985
23 3555 1013 5746 8462 1655 1723 5678 8298 1631 7778 3648 9911 1840 2596 1502 6464 2514 7426 7606 4741 8123 8210 143
22 1866 7553 9316 7637 4830 5069 2160 8860 454 8691 9056 9534 534 2389 8181 6230 2807 7611 5758 1887 6453 7261
8 580 5517 5205 439 2825 4024 5982 4347
15 3281 8435 8574 2056 3680 1046 552 7642 5260 1302 4856 9247 7999 9914 3896
20 6456 3758 5516 3921 9164 9037 9209 1746 1494 6094 3031 2299 1975 6049 5560 1419 8581 7111 4883 1114
18 2020 2641 2511 7255 3966 4704 6048 6814 380 91 6013 1110 7691 9324 9092 6564 5573 8686
14 7640 3147 194 7723 2524 9398 8132 9997 5202 7772 8941 6467 2493 8596
28 2576 5971 7357 4848 9628 6856 4297 8955 5628 6639 2291 64 6359 7562 8103 7525 7368 5271 8052 7199 5272 9434 1812 5395 5896 1254 9638 5390
21 2912 8376 2957 8588 4050 6392 3038 5344 5914 4272 2595 9978 1763 6295 1878 8223 8089 4723 5637 4292 711
21 1353 6740 935 3435 5622 8485 9408 3584 1924 3772 6375 2268 7195 5164 981 221 6998 3719 7460 2030 9396
4 8184 2909 8571 5190
14 4788 8566 5554 7602 9289 9199 5043 1189 97 7221 3767 8829 3118 7621
14 6228 5890 4980 5182 4396 9738 5766 1023 783 4554 1892 998 4120 5067
24 4495 9666 5535 1986 7193 4481 5799 7041 177 1211 6582 3799 3501 5523 5734 4817 5873 9689 8321 7880 431 9938 8480 2697
17 1269 2424 5025 1 8155 2385 5457 6188 1859 4159 5143 4805 3389 7242 6183 3965 1562
24 5424 1724 3104 1233 8856 7190 8173 4664 5045 8506 4062 8186 9941 2068 2682 3927 9551 804 2689 1826 2408 3619 6419 6686
18 5341 9137 8786 2537 3325 1557 5287 8228 7118 9964 485 1193 1292 9378 6116 7848 1811 4818
23 1735 5359 4109 565 8146 8796 2551 6270 2355 8220 7679 3556 3 8881 3382 681 8032 6421 1403 8078 5931 3880 5542
20 957 6951 1640 3740 6705 6589 1081 6587 6333 4523 3355 1793 1367 7489 794 1931 6390 1288 5399 1574
24 4586 271 4154 8816 4376 3370 8379 300 1846 7216 3434 130 9362 8513 3195 7852 4816 4737 8095 9568 6096 729 3887 5841
12 3025 7140 3291 4518 806 1743 6675 5570 4181 5855 3892 4538
16 5304 3005 3461 3786 419 4558 6438 233 1187 7023 4416 2698 1841 5408 3618 6889
20 7141 7129 4815 4482 8034 1733 2954 9272 8339 7164 7094 4831 6315 915 8046 3274 6384 8453 9329 9977
11 3564 3990 5771 2212 860 4823 1084 3559 1718 4374 4900
15 1528 7810 5282 35 3537 9127 1143 1404 2629 2219 5760 5939 3994 632 182
21 6952 6123 200 5307 1910 8938 3624 5907 5473 7298 6707 3598 6555 5438 4275 913 9850 1472 6257 7049 7909
16 8342 8630 1002 5933 9583 4452 7371 124 5703 1334 8707 8910 9646 7896 7459 1216
21 3030 9469 2518 378 9134 7808 9975 969 7081 3811 2228 4060 547 1770 2816 5947 3834 3324 6993 9827 2509
6 5161 2899 9806 4011 7458 8753
22 5716 6656 5954 2216 266 3270 5453 2745 6956 6081 2108 9370 2383 9758 7798 1989 1990 3678 3248 1751 5723 2492
13 5649 9474 6779 9142 1116 2242 2763 5354 7946 1847 4127 4662 3712
5 3743 6912 1061 3617 4530
13 3692 2006 7975 9251 1615 7170 6828 7251 5362 6931 616 7 4936
13 6039 8873 9969 9959 8315 848 4183 9622 5536 3264 2203 2897 5526
9 2008 2742 1200 2916 3807 6762 6597 872 1015
8 5245 8290 47 3936 2238 2019 3128 7731
21 6424 1838 1852 3129 1904 4245 92 4605 3393 2556 9222 1539 4086 5172 3142 9372 8456 296 9878 3589 9531
22 8559 5387 3024 4630 7243 1873 4615 5751 494 6657 2867 7103 777 7630 1918 2889 4983 3871 5388 9937 4929 5254
15 61 7114 328 6307 482 977 5593 156 2796 7046 2308 9984 8429 1805 4142
19 7229 661 6327 7323 1465 8546 4072 4009 3201 3237 2615 6890 9294 3180 3860 8337 5697 5407 4483
21 8102 248 2261 3615 1365 7665 2044 175 9027 6999 7305 9843 6298 9708 6949 2092 7617 1586 5720 4268 2487
22 1879 3176 3475 1240 1913 2781 4958 6374 636 4539 744 9080 5132 9599 7717 6151 6433 7131 2770 1210 2623 5835
20 8728 3029 3073 6645 7663 9035 4130 949 9729 9361 4992 6014 5330 5121 6153 3591 759 7641 1558 6288
13 5381 3333 4455 9286 2305 3666 5012 6402 6643 1565 6082 5441 377
3 8578 4000 8730
20 268 6410 7787 8831 1686 952 7555 7207 4832 6785 2950 8438 5898 7954 4226 9792 2224 1865 6721 6955
18 3008 4693 6003 9735 7253 9138 7761 9844 9908 5167 6314 4579 7667 4589 2474 5318 9304 5676
9 7877 8965 2779 4780 9010 2185 5790 557 669
15 7799 3294 4935 5285 9254 4613 9497 9564 3829 3851 3761 8814 7288 5969 6962
10 8520 5510 6879 6347 5595 9088 8056 9120 7410 8235
18 8271 5034 6202 5156 152 4585 3190 2802 9604 843 4834 8028 6858 6995 2091 4132 9260 218
8 585 696 6877 2401 3462 3614 717 1546
6 7911 3249 3891 5983 8054 3020
21 741 3311 2539 4285 6615 6638 3775 2076 5713 9028 3946 1176 561 5243 3387 44 9794 5075 8080 6087 6010
13 6607 3148 7779 1905 7549 8201 706 1144 6782 5817 7011 1540 1285
22 6649 7687 1984 4233 5017 98 2470 6026 292 3439 9357 5879 1981 4032 1486 3497 3716 9719 911 8838 4013 7615
23 6160 6747 7248 9705 8747 6101 6133 5238 7693 7080 93 8673 3352 5738 1732 2946 3792 9369 910 4338 4319 9126 6273
7 4882 6135 892 5120 5888 476 8585
20 2941 6457 2074 4202 8128 1496 9742 1700 189 5786 2756 8390 2678 9443 2725 7953 8363 2271 3380 2529
23 4687 8784 7554 3583 4318 9158 8190 2343 4046 3432 2452 5313 9331 3481 3344 7511 8364 5942 5294 906 6271 8582 899
17 2774 1492 4352 2388 8237 9800 2129 8532 4165 1957 8894 4726 9609 5057 1653 9916 2764
11 4829 3553 7838 7332 2067 1467 2730 5973 5471 6063 4650
26 113 9920 318 2181 9617 2732 8806 1583 514 9077 7794 7755 613 5605 9695 6599 7324 5251 3671 8320 5334 9796 953 8684 757 8797
12 8395 627 2147 6711 8219 1634 6480 6247 2115 7931 6036 1339
19 9207 6662 7379 4709 1455 193 9724 3474 5023 8903 6117 2071 33 7694 7349 6322 8185 5370 9049
3 3239 8227 1900
12 9411 7108 5486 3101 9699 3526 8005 8702 5599 4332 7252 2666
12 4644 3621 8760 6231 173 973 6075 4401 8790 1377 8947 1374
18 2944 3602 3338 4713 709 5910 5074 6641 9231 9335 6738 3768 9615 960 4412 2773 8921 747
5 1794 9685 1121 2573 4819
10 6724 3910 211 7386 4256 2866 1306 2848 8717 1622
23 9670 5948 502 8823 3554 2999 9410 3124 8101 459 8148 8807 1767 8591 2017 4053 9161 2704 2886 4162 7146 8874 1213
21 8420 864 8309 3585 5539 376 4930 8597 4965 6121 8945 4472 3925 6414 7782 2800 3280 598 948 4955 5364
5 3321 5865 4750 9782 5840
24 219 7864 1030 9805 2783 9064 8854 3477 704 403 2505 9151 8638 8963 2859 1253 2552 7378 3852 3322 5044 1522 7789 9520
11 9901 7451 7631 2112 506 1487 8990 3099 2412 4865 1663
22 6044 1406 9320 2566 57 6173 1215 2771 4872 7745 1458 4989 8741 5992 9867 8512 1661 1520 2251 3848 6439 3730
3 9121 8397 5311
20 9581 2538 9869 4807 596 6886 3818 775 5374 6677 9083 7179 3662 3440 8859 7290 3287 8726 3347 4846
14 9020 9166 3170 3362 999 8473 7450 9922 667 4649 8552 343 6934 5339
16 9291 9820 3459 277 4502 1580 5783 761 4007 8118 81 397 9624 3547 5384 7025
3 2176 3588 562
16 6767 9985 2686 6251 7456 3258 1117 1907 1308 214 7047 1214 1379 1279 7600 6520
6 8675 5991 8519 6750 3969 7393
15 1993 9851 9559 1223 9757 9018 6078 9858 4636 5635 7328 8936 8769 2775 7432
24 2278 3546 8848 3821 9485 7690 6023 2919 7068 2898 8533 2829 83 6897 9682 7486 5270 3706 3306 8568 5978 7996 263 7058
12 1563 6059 2438 8656 8252 3296 9266 9956 5964 1951 6819 5010
15 9979 1803 8225 8906 556 1032 6428 9891 2643 4795 7831 6364 4348 4771 1809
8 8509 8277 9830 7226 4137 2217 4027 8486
9 1815 5358 1588 41 9105 9071 3760 3857 6775
11 6633 965 4299 849 7208 4862 1441 4696 1768 4301 3809
12 2327 8548 6128 3906 5674 2304 2661 8780 9073 5317 5975 8869
28 610 7180 2106 825 6220 4029 7994 529 2706 3532 286 2548 6696 7326 3979 5217 8117 4576 3600 3275 1658 2326 3781 4897 5449 9354 9117 3223
11 2507 6004 3050 267 1381 3954 6136 4901 1614 1439 1594
16 4098 3196 6168 3541 3108 2982 1902 7746 444 8953 4209 3340 6778 3960 451 7482
18 4066 7064 7638 9633 984 6825 8555 5298 294 2034 7587 495 4573 2194 4399 6911 6350 8278
11 489 3608 520 4827 165 4545 4977 2814 406 5571 1174
15 5902 789 8133 5375 9466 9481 993 1475 2525 8017 5730 1322 1632 7550 820
2 7468 48
24 2429 1883 5990 9011 1518 1386 2180 8876 9684 6805 7729 2875 6301 5210 5502 6754 2752 8537 7850 148 2457 6 7441 4122
6 4984 6377 8352 926 6127 6441
7 2828 1637 1192 6595 5682 1191 7160
26 6418 3918 3329 9965 1804 417 6764 753 9761 2434 7309 3952 5995 9230 4128 8314 8318 132 6835 2002 8908 4976 2839 144 3033 195
23 3667 2426 5887 5477 9949 643 8694 1521 3710 1598 2959 771 748 7590 1950 7851 7144 7055 4077 9717 2049 7820 4732
13 4056 8029 1010 8348 8973 8300 8038 4561 7148 6891 3061 2195 2709
25 9698 5491 8573 448 782 9743 8085 5291 772 1182 8667 4247 7843 2501 5565 7177 7982 5165 337 5549 1739 1301 9918 465 587
13 6965 1955 9696 2338 9100 2776 2613 1745 1480 2966 11 6444 4469
25 3410 5113 1363 9926 7312 9512 6969 7019 3904 3531 7907 7805 8033 2863 4033 4710 9422 2232 1083 5781 6770 6035 6210 7115 2936
4 6361 1609 3202 837
2 2418 5891
13 6269 4706 2335 8835 4629 3729 4760 3644 6317 6158 4790 3664 322
20 6694 6851 5748 7085 7710 2060 4913 6422 967 4653 9319 3672 9658 2283 6335 6845 4479 1722 142 6330
20 5222 8979 1186 9042 3054 8665 7282 1985 4532 9849 8545 9718 2311 7747 6976 3745 6147 4641 8740 4239
25 2531 1630 3951 874 6255 6634 4101 6009 5170 4227 6579 6041 6905 2241 7006 37 6176 125 6545 2750 8423 301 8606 6613 5423
22 5881 2512 6208 1863 5837 1511 5962 8214 484 3645 3973 2913 3006 9662 9905 4010 5521 7374 9383 9635 3402 4005
11 3708 809 6376 2894 2891 2588 5787 6057 6051 170 5020
20 4873 9052 245 601 4973 8259 2394 74 934 3782 6146 5336 6091 2022 8139 7008 7424 7527 1378 9013
10 1228 9852 5540 9925 2761 4193 8380 6148 9829 2298
9 2166 5332 6830 9509 5871 7938 2961 6789 3850
12 9187 3527 3368 9349 3136 7470 7828 9601 1898 4683 3021 0
6 554 3647 2280 9097 2586 1060
15 8564 2230 2904 4107 8995 6216 5576 2362 4327 6243 7389 399 256 4420 8062
13 6900 8189 206 3083 6771 6538 5267 3759 9186 2609 1019 626 7302
19 1332 5112 332 6563 6182 7856 5579 8809 1309 8007 1720 6948 5706 7765 4108 16 4778 2463 5618
2 7227 3246
23 6780 1773 4867 4225 8940 4652 5866 4119 2035 2104 4440 1031 2189 4663 1094 8744 6100 51 937 8091 5821 6494 4424
18 3655 5466 8207 5686 3879 5382 674 230 819 2279 2587 1205 9036 2318 3971 7138 3620 8789
11 9626 3409 1530 4673 1997 313 3778 7777 6491 9377 4623
10 8698 7329 364 7544 4134 2516 3518 59 4488 8384
20 5343 1421 4666 611 9202 9647 6893 8378 105 5770 7726 3959 545 6734 5401 5740 5667 6496 5147 5672
20 8086 9996 1267 950 3732 7191 2753 524 5998 1861 1534 1690 3888 3806 8611 6107 1488 8008 5173 3431
20 2324 2436 5006 8440 497 1627 6280 2817 1738 3785 5481 4654 255 288 1706 4563 7184 6665 1134 4969
25 3697 9463 8254 9562 5917 572 7785 5952 6172 2045 8413 6987 2078 594 6524 9857 4859 4180 1120 662 7818 7335 8414 1801 7537
9 6913 3816 3616 6398 8445 8642 2527 2053 5792
8 3168 7347 6105 5220 803 6037 6109 4321
19 6843 4387 4164 1843 1430 1349 2330 4433 3924 3123 3489 4004 8839 5030 176 4220 3286 5586 845
10 7188 658 9556 1908 9579 8176 9249 6521 1300 3838
23 6794 2791 1564 4404 3026 6024 7558 1476 6757 7045 4685 2850 887 370 7930 9098 5015 7676 5434 8939 994 7825 1788
12 4877 1605 9691 212 5957 3594 4749 3290 578 4838 2286 2983
14 6139 7320 6239 6069 1797 7922 531 4607 4617 2292 7724 7614 8650 2430
23 1407 4414 2975 4349 9947 5627 4764 141 9836 1864 9160 3127 2137 4746 2398 5645 1816 3363 9280 8226 4606 5606 6229
3 477 7325 9326