29 9475 1595 8017 8829 1890 9165 7464 3830 8812 3069 3228 2808 3290 6024 6450 7126 1173 7994 3261 7398 5866 2190 7128 455 79 4683 5877 7348 1766
28 6198 9957 5334 7979 2384 1210 9258 1794 5170 8848 8904 6185 9502 3360 861 1453 2256 8133 4299 4987 7170 8136 3577 6076 6920 2067 2456 2791
30 8103 8207 4238 8885 676 5949 6221 8673 2917 5900 9818 6590 9309 1188 7692 4676 8401 8414 4162 3244 1649 8059 5449 9364 1337 6577 2776 1678 5562 9784
29 6599 9543 5041 5938 1756 2664 2346 3281 9324 3683 8325 1168 6145 9458 1963 4488 8599 3602 6759 2272 6132 6642 1129 4108 2257 2749 9615 2809 1864
29 6440 3581 6980 9104 6493 6351 6844 2770 4395 1306 2511 2928 9218 3893 2893 6904 8221 9551 6827 913 945 7686 206 6355 3910 9886 9962 7214 6149
27 8450 3579 9219 6278 610 402 177 5369 2280 822 3795 4713 1552 5737 4525 9534 3245 4491 1987 4810 7967 9557 3196 9828 9383 2668 2507
29 6261 1125 5069 3339 9592 8471 8526 3326 6919 204 6531 9482 5852 3695 337 4477 2315 7236 2886 483 3357 5656 3591 1731 6499 4571 6637 5317 6952
28 2822 6021 9662 9492 9956 1390 1282 2536 1549 3648 7336 76 4215 522 713 6644 4149 5236 4187 8822 7057 1274 821 3948 7281 3663 1503 1648
25 5876 9157 8781 5668 357 970 107 9425 5322 3670 6115 2657 1353 815 6930 5242 9929 807 1432 1110 1112 2211 9748 9403 6596
26 9151 1247 702 9128 879 6731 6267 2161 6795 9720 997 4295 9160 3028 7033 4240 180 8947 3969 7274 142 823 6688 5276 9161 8898
29 9738 7760 698 3618 5968 3292 3783 6752 9240 4500 4782 2276 3449 8761 3657 1571 4244 7231 424 6193 9578 1703 5814 8252 9637 6366 882 7926 3188
30 1134 8432 7421 1100 1380 220 3854 9415 734 9771 1708 872 6085 6137 3828 1392 9119 414 4860 1084 4198 5145 3023 8811 8779 1404 166 1559 2157 7234
31 8033 9890 5325 7015 7458 663 5706 3203 2233 1680 8623 3955 2495 4930 1936 4277 5827 297 5989 7141 7963 5625 8361 5824 6981 2927 5711 2911 8589 6133 969
27 2234 6245 8566 1422 5945 2096 3984 4562 5879 2763 3490 8686 1873 9390 5746 9999 2174 1164 2081 1699 3542 1518 9912 9003 3872 1791 5723
27 835 4701 7636 2479 3283 1373 9456 5296 3304 5397 9812 6460 4992 9902 623 4328 5493 1624 1180 5743 8449 7220 7551 6784 2737 5789 9860
28 9670 1691 7689 1926 1776 4001 1674 8577 7931 7876 6287 6814 1128 4161 1457 6492 5422 8291 2665 7547 8557 4449 8112 9759 321 3038 2582 7264
28 1959 8246 128 2350 3671 3847 9943 437 9562 933 109 5122 4471 8610 4955 1088 1073 2473 6987 2180 160 5140 8777 7164 9991 3957 9969 2338
29 1179 9360 7031 1205 9967 6753 216 7393 7755 8123 8988 7761 4519 5442 9651 1661 4414 6565 3109 9480 8496 6019 5715 4155 4061 5809 4561 3589 3530
25 7678 5209 350 4926 158 5022 6902 6436 974 7816 2897 9287 157 9877 633 4738 1743 4208 4013 9608 3493 9134 1464 4923 9958
28 3039 3233 7720 9200 9669 7980 3997 6562 5502 7409 8296 5282 3502 965 6530 4310 801 4441 1090 8467 3712 857 3588 3717 5650 7729 4881 7492
27 187 1312 276 9378 684 6658 9395 3185 5028 5533 4147 7321 5800 1783 6146 2910 7632 7640 1984 6196 293 8084 3239 41 2467 277 2994
28 5266 2874 874 3623 9027 2018 3619 4044 6277 6225 8755 2833 3609 2015 8764 2485 302 3125 7495 9656 4755 2392 37 9679 1615 9731 9697 6804
27 9053 6796 5794 2756 8277 2295 9406 8441 400 9281 9862 9179 6174 3894 48 4934 6617 4070 7168 3900 9402 9680 7505 6704 2268 9544 3517
26 2734 4634 8592 8130 5585 6280 466 5223 2937 871 8330 8769 9043 178 2549 2466 3891 1563 5929 6144 5011 3706 8845 7223 7903 3634
28 2603 2823 811 6623 8833 3755 8111 8718 200 4363 8318 5292 8390 5972 7053 9323 5154 5385 2997 7446 2773 5932 464 8846 6762 6626 5007 4916
29 2150 7205 256 8464 5258 397 43 8553 2001 7415 9835 9839 6238 5198 2413 4669 1840 7999 5672 72 3000 423 9819 8747 8637 5678 4866 6121 7527
27 2921 2583 8850 7191 9520 6485 8968 9675 2960 413 7706 2020 3543 5720 5804 4737 7889 2700 3690 3749 622 8706 7524 251 5734 7294 5517
28 9058 9054 8399 9522 8906 3275 2642 117 9327 7419 9728 1972 3269 5718 7212 8707 8186 4670 4253 7034 3309 2566 6335 2269 8516 3083 6217 6055
29 1434 7606 5721 5349 8204 8266 4486 9880 8627 3565 7466 8892 1321 7973 2369 958 6963 1652 5335 4233 3726 7658 1974 3729 9705 1022 4674 869 5921
27 7318 1466 5336 1556 3746 1123 5058 1222 5496 9067 9654 6581 8142 1830 8288 8757 7510 7634 7749 3750 6281 6659 6818 3601 4058 2879 9770
29 3448 8653 8080 3099 9120 4192 971 8737 4672 7405 9733 5366 3402 8734 5579 1294 7656 8139 6526 7956 6880 2575 3627 6797 3940 2385 7966 7806 3386
26 2368 4392 9787 7351 9640 9831 6167 9495 9220 7610 1754 3834 5451 9008 3963 1918 2492 5431 3935 29 5765 7601 1958 9422 9650 7911
27 2635 3104 2335 6871 3295 1257 6519 499 425 4736 7243 6997 8591 8963 7953 3672 7081 8626 967 7786 3413 217 7857 8542 1333 5698 8096
29 2922 6557 2554 7648 653 8108 8634 4282 7356 3711 2722 2509 84 2389 8332 3061 4148 9630 3884 5572 6525 6662 2374 441 7119 9542 3328 7362 1637
28 5371 1187 4568 1860 1597 4248 7910 1525 1519 4040 5964 1371 5691 7588 2464 388 3004 3056 1087 1026 162 8326 7376 6324 9563 1255 3422 470
28 5959 7235 7552 8540 4391 9391 385 1707 5403 4857 4019 6378 8509 4862 3684 9011 3820 8171 1748 7669 3673 6661 8203 7858 6311 8585 5418 6479
29 6056 9814 4662 6765 1560 1604 3479 7675 8680 8206 8213 5279 1034 8384 2882 2708 5810 6853 5061 6095 7198 9259 7197 3478 4416 192 5960 2016 4329
29 2758 6610 8297 5247 4186 605 2053 1243 8741 4193 135 2651 4612 603 1853 5270 2292 8900 2941 5697 9234 7137 5190 1017 4646 31 2119 2431 9802
26 3183 3628 5528 9224 8193 3610 4948 1440 74 6331 893 8943 1747 7388 4918 6134 6334 440 4439 7627 2438 7687 5629 415 8941 503
25 9822 7545 9037 6402 2135 6027 7349 3904 7038 2286 3194 6510 9279 7276 6968 2419 7064 347 6031 296 9201 3614 4735 1697 447
27 2139 9942 5112 4529 6123 8913 7296 3780 2132 373 6318 1069 8956 6471 7233 1054 645 4706 9985 7160 786 9972 8510 1957 7542 5844 4747
29 8725 2351 7475 5553 8083 3707 2768 7361 6361 8458 3508 9780 4835 2589 1968 1535 7626 1789 4261 5977 8825 8405 1658 2612 2250 6490 574 2481 9109
28 7277 4447 6754 8699 8884 4694 3513 8840 4158 5659 6651 8448 9278 32 99 5026 4596 9867 9897 6608 2669 5300 9291 7386 448 8402 3554 3767
29 2446 8698 9992 8431 7707 338 4252 9599 4758 7455 878 6191 6585 8666 5132 3180 2034 9471 3852 1043 1992 2764 8126 7987 1375 4411 9423 8037 2661
29 389 5756 3640 1442 2212 5683 4524 1532 5222 5592 644 6367 4601 4011 7859 611 8972 9596 8367 9294 8930 9373 1570 6209 5677 566 1629 282 2630
28 8172 1539 7397 2003 9772 5126 250 8389 1032 7407 292 9694 2939 4230 8242 4059 9981 9017 1884 7565 7594 6489 2884 1594 6041 7008 4256 1651
28 3060 1271 4099 5999 8766 6427 9107 4444 2183 6609 8413 3926 8864 4368 4373 4027 3552 1338 2974 3397 5339 2987 4105 641 4998 7978 4977 9997
32 7590 1833 7096 7011 3350 2323 5499 679 6419 9457 4641 7614 70 6927 8855 3251 5716 9325 2432 6387 2460 3788 2222 6316 3426 1580 6327 4619 587 120 5851 6588
28 7759 1660 6597 8977 6363 9397 4355 3541 2409 689 3105 9529 2124 9434 6873 6048 2484 744 3142 8656 4234 770 7501 5232 2709 5054 9015 7690
31 4172 8579 9820 1751 130 6410 706 8957 6036 8076 9006 7291 6918 1206 1695 6187 7948 7171 8614 9426 2521 3714 4285 2317 1811 1209 7050 4698 6524 8879 9478
28 3883 1425 7335 9966 837 6304 2591 8460 789 7135 9545 5834 4743 7044 8168 8226 7476 342 3564 7454 7892 7486 1716 5549 8582 3062 6480 6632
28 3190 7132 9727 5156 4777 7715 8727 6747 4079 1096 3892 7958 5974 9411 6100 3939 8158 1845 1970 6913 5025 3224 818 5569 3421 8771 9296 8465
30 6933 2414 9166 40 9836 2126 6816 2771 5105 9883 8760 6954 6780 7919 1667 7615 6924 303 5246 5605 1234 3725 8905 2340 7868 5985 4291 8953 2273 6061
29 2223 2648 6154 8026 9286 5680 4314 7408 4116 2525 8588 5601 9979 2705 8248 1046 5519 9683 324 759 2827 2958 1072 6926 1978 6002 4872 4556 5690
28 9392 750 726 6463 4607 9761 9540 6286 7660 290 203 9089 1880 1948 1829 6706 7514 2299 1955 279 6297 1362 3521 5225 7477 3355 1533 9982
31 5260 377 9117 4803 7798 3620 309 9242 2637 0 9267 9376 7767 1915 6206 3778 9217 9359 8051 3799 5252 7732 1394 6070 6733 1447 4150 6916 65 1473 7315
30 3117 8085 6347 1113 4311 7436 6710 3170 3100 5183 1431 9689 4582 8231 5848 3377 5978 8461 2128 9749 4854 9245 3221 9661 3510 1119 3979 5953 1990 722
30 691 6956 6931 1670 1675 7742 9816 2569 3300 484 8398 6385 3110 1002 5281 5367 866 998 4700 8023 8303 6004 8729 8427 5016 7970 7741 5845 224 2518
27 5679 4805 8227 2263 6102 9980 1133 185 1777 1039 9910 2643 9618 4583 6892 2032 5505 381 8563 8580 4308 7498 948 2422 1071 9100 4789
27 8232 6214 6475 1505 8549 6746 7751 9660 1693 3742 301 5417 1642 1145 984 5378 335 9509 1006 2676 298 7354 9582 47 8640 6942 3708
27 2849 9447 2442 3064 5460 5671 513 106 5861 3336 2325 237 6684 305 8597 6521 4493 2723 3751 346 5358 195 6293 8782 5375 518 7460
28 6096 5645 6785 1816 1080 7381 6007 2136 4341 3908 5175 5249 6010 4199 4883 3418 6946 8199 6691 9102 5328 6241 2197 8533 2170 4592 1106 4625
30 6781 5326 4989 2000 5516 5436 9229 5506 3724 3340 4062 4440 907 133 8137 1461 8223 183 1858 8313 2259 1356 6855 114 4993 4337 3274 9869 2530 6576
30 5604 6319 910 9685 5483 3009 5307 5188 9183 4083 6872 5036 5803 6486 9091 4424 7499 8843 7189 1058 5754 1355 6158 7895 4733 8058 4026 6435 9192 3399
28 6130 5801 5952 502 1700 4156 703 2574 9491 8150 360 6354 1436 1870 2560 4080 8029 6689 8997 6285 8735 708 752 4287 860 6633 845 4131
27 6812 3693 6482 6973 2633 5360 3151 7748 1692 4064 3127 8842 5202 6111 4610 4868 9195 9226 1078 6723 4907 9713 843 5543 9188 6017 9600
28 333 3832 3128 2169 571 8178 6295 1810 6268 4130 6434 8826 5833 7238 6991 4103 1684 8098 6468 4558 3676 50 7897 3208 1937 3289 7839 1177
28 1666 2765 1060 4169 2037 462 1236 9585 794 409 1207 3791 2656 1176 7696 2151 7778 5567 7823 7479 1844 2461 6848 8929 8032 4346 4940 1773
24 5634 9498 8027 7867 6464 6643 3604 5935 2558 4281 8813 1490 9299 9598 8837 355 3566 2073 9472 8179 6141 6783 6883 7854
30 8854 8184 314 928 3612 6922 589 1521 9762 1081 9093 7727 584 7072 4371 1416 2631 1195 8866 7684 3089 8612 1843 3022 8323 105 7478 8070 4963 2659
28 8980 7030 4751 7699 5416 3731 7054 4953 7680 8877 9412 6449 567 6735 9002 318 4693 1931 8674 488 7092 8451 6619 9633 12 3970 7718 694
29 9581 3492 9756 8282 7992 2920 7896 3745 2707 1082 8245 5289 9250 9207 6846 6323 6104 7425 6685 3365 725 2934 2025 9020 77 8893 1211 3080 5707
28 1711 4794 2512 8872 1715 2058 9565 7561 1098 9203 8391 6648 140 2390 922 4317 6119 4470 5415 8457 4626 8342 3257 5560 7807 4532 3345 3529
30 9145 3171 61 9806 931 4076 4358 8649 230 4679 4921 5169 3121 9792 3220 604 4378 803 5498 8198 4863 139 9306 2109 2962 9642 937 9995 8314 6422
29 7833 3911 3385 9019 9754 8575 3667 435 7202 5763 4665 9247 5768 6129 9796 9122 2130 3068 8016 5034 4508 1663 712 932 218 3993 6755 8387 6172
30 3425 3551 6093 1520 9139 4867 6500 5580 6817 1882 670 2802 2426 5137 6721 7557 3389 5982 2663 307 9911 6803 6067 5221 113 3157 8880 9573 7066 697
27 9832 1359 4996 7986 5726 5619 7369 356 6711 7032 8801 6082 6291 1358 9283 4740 6417 3549 3999 1384 8229 1318 6086 6415 8272 5029 2423
28 5455 8205 9506 6620 3323 2137 6985 8754 3528 7240 2788 6188 2011 8552 259 1103 5775 7912 6725 490 4016 6934 5933 1297 5294 2523 2444 8887
31 7320 1512 2954 9933 2253 4933 9856 7944 5376 8322 3532 4856 4882 2076 7701 8279 5443 802 514 5098 2592 9142 3658 137 6702 8535 3014 8244 8959 5915 3375
29 9351 3240 7708 4068 434 5313 2840 5353 3420 943 1074 4290 3134 6176 5581 7271 8370 6649 9726 6314 4142 3924 5922 2072 3946 6377 8374 946 9204
29 1785 9740 7793 1491 3694 6563 6766 8201 6215 2846 7955 9368 4316 1280 6544 2949 7155 9998 9611 1757 2880 4968 1086 88 4138 127 951 2804 4331
30 3660 8299 3775 6857 659 9484 7842 7872 8292 8728 7037 6224 9116 3629 6345 7018 2757 4164 8420 4372 3732 1284 8101 4000 3066 5582 6052 6029 3403 4659
26 2772 2381 8125 8586 3442 5867 5916 1302 8004 5508 1000 4456 5817 1856 5540 8276 8702 7357 6604 1357 7263 942 399 9347 824 3642
25 2440 2297 5195 3373 2144 792 3587 8042 9690 353 116 5600 2704 3897 3535 1640 976 5788 9379 3586 692 5633 8916 950 2494
27 6340 7794 5934 69 9095 9549 4323 9078 7483 465 4431 741 9370 4074 2300 5187 3378 3973 4668 5089 8075 3135 7508 1385 4552 9968 4771
30 9141 9764 9075 6928 9559 2914 4165 8954 4298 1127 7390 1694 3035 7560 6143 664 1052 9483 8155 6792 4357 4711 4932 9496 4783 2721 7791 1288 2925 6216
27 493 3288 8073 7724 5181 9096 4530 2774 3770 1676 452 4565 924 2428 6692 9292 1047 6039 6789 9711 4816 5709 4222 427 7631 5930 7641
26 5588 8896 2330 5965 4400 8584 9961 4454 8993 620 569 8350 2235 5230 6380 3043 4389 9237 8301 5663 6517 5719 2261 8068 5736 6279
28 1408 9136 5545 3172 9899 9097 4975 2674 8154 1193 8215 5404 1934 189 9996 3616 8497 2307 2045 8662 8181 3691 1506 1686 1800 4274 3106 7540
29 2098 2091 8952 5128 4386 1283 606 5587 3018 3229 7387 8605 6337 4157 7556 3740 8587 6695 4405 6458 3307 5437 2978 5342 4666 2088 3467 6842 7886
28 4904 5837 1893 9227 3259 9115 7086 7878 3243 9451 3487 2373 4720 7237 1418 5786 6607 649 3162 7241 9663 3526 880 7019 4615 5092 5481 7568
32 7851 3756 3533 3575 7864 3268 4144 6481 5079 7960 4385 6097 7209 9952 2852 8334 2010 9570 64 444 4837 3761 4528 1155 5019 828 1995 8522 240 2487 7533 4361
28 2600 5383 8678 5185 5116 7383 5682 9622 1167 2179 1083 8258 1889 3975 8512 9448 6365 1567 1161 1231 8608 9333 4624 6 4459 6503 9723 3555
26 7080 8440 8565 961 7249 1689 7317 5704 1622 1709 8455 1144 7682 2372 6714 2447 2029 463 7504 8806 8344 9335 6761 3607 8574 6806
28 3592 7179 5966 3659 9612 6995 5693 173 1253 4929 5412 510 3393 1504 4340 2231 3432 370 3077 1945 9744 8010 9301 1237 6660 3197 5591 9873
28 4115 9038 7115 16 9033 171 4514 5424 7163 2175 6276 9973 9815 9964 1262 5379 758 5081 478 3569 3097 7657 6799 3527 8100 3664 3159 6051
30 7643 688 4951 8118 9984 2906 8910 690 1888 4264 8013 8862 8857 2314 2576 6414 6998 4570 4085 7943 9516 5858 5892 8951 9620 4042 2571 8225 4685 4188
28 8544 3665 1818 7109 4227 8933 939 3480 848 2243 9090 1389 709 7290 5191 4815 6396 7103 4770 6116 3977 9977 9924 5527 2345 2829 3829 6441
28 4967 2086 687 3312 9039 4126 1760 5303 5084 4864 5530 2986 2878 231 7265 3250 4623 7273 6938 5853 8021 8748 3655 8363 2712 4461 5779 5320
31 2586 7186 9361 4650 4455 629 4887 7691 3871 8518 2624 1671 5904 4293 5770 7404 5840 8341 3343 8217 2270 438 469 5649 197 486 5593 501 3958 6142 7417
28 9861 6425 4458 1558 4983 4597 2433 6550 9870 1089 7305 2255 403 3981 9256 8355 494 4780 7350 8086 7548 7452 3688 4927 4412 3072 3285 519
29 7245 1191 1842 6635 6382 5940 1740 8831 6538 4885 8689 1166 3310 1544 5075 6448 3047 7210 9085 9230 4073 8531 4336 3098 9788 2902 966 9882 9307
29 3516 9692 8170 6699 6748 7845 4030 3001 3520 1897 7401 7925 9993 1214 6178 143 4365 5731 5755 5340 8444 7366 9574 9486 6569 3988 2008 8774 8307
29 7136 9031 7329 7230 5448 7668 1593 2687 9854 1218 199 1182 8337 3812 568 6075 6306 4893 1502 9597 9386 9638 2074 5120 3800 4820 5667 8265 5193
29 4114 6488 5903 9459 4151 1575 5368 9546 4452 4247 1792 2522 636 9280 8149 7493 2283 2727 1611 8973 3052 8521 2284 3713 3450 731 2716 6947 3107
30 6613 2517 1339 1014 4824 5182 6794 1131 3669 2331 4630 619 2867 2188 7990 1261 95 8498 4482 7635 7573 8705 401 8888 3995 9069 547 5618 7270 6835
28 6885 6543 2152 5997 3696 2801 8790 9310 902 9308 4579 384 2720 4985 4617 2225 3512 2200 4202 3916 4206 5684 4409 9686 8994 8682 836 7559
30 1808 6720 3471 6117 4195 1787 3917 9892 9808 3784 7743 5440 5701 7989 4925 3026 8283 7737 5957 3880 9316 6549 3509 4484 2063 5882 378 7852 4897 1397
29 3249 8468 9940 3410 5066 5348 3934 4413 1248 8131 7802 5699 4547 8020 5820 6438 2043 3790 8403 5421 9834 5250 3374 4631 6013 796 9971 4419 5738
31 295 3704 9913 5942 3264 3177 9874 8865 9272 5878 5523 168 6574 6693 8665 6182 1170 1451 367 9427 5399 9473 6558 151 1827 5184 8955 1227 3120 8132 7134
28 42 6897 1531 9130 8250 132 7489 4880 5843 6697 2474 9906 3321 3271 7013 2593 6512 5131 2726 7959 8570 5576 6636 7440 8567 3057 4516 7063
31 3160 8545 4390 7014 2472 4050 4286 7016 5863 7541 5301 8238 9500 9057 5890 6993 3807 5135 4207 7217 3621 4991 5745 3980 9036 6751 6222 1975 6161 2956 5453
26 7418 3181 5740 6961 6677 8462 1340 5911 3176 3364 8159 2520 4090 6624 2951 9021 3728 3445 1476 9206 5452 632 1181 3207 6269 8009
27 306 352 598 1241 2992 4350 2027 4588 5314 9012 1618 7247 2973 5727 5646 8996 4752 9401 5494 118 8789 6317 1287 6308 556 1954 9895
34 2863 7337 8143 9785 5713 8992 4703 2450 8349 3156 5121 3392 9750 5869 6026 4332 9794 5539 9717 5357 6964 1335 1755 242 7480 4705 2095 6532 9927 3719 2594 8167 7722 1199
27 3042 596 810 9735 6421 9302 6369 4545 5071 4684 7645 2416 9464 831 5648 5631 2602 3600 7254 6420 7977 3081 4531 5459 7804 5717 7917
28 3153 3169 5077 8324 2815 2352 2710 4089 1767 8289 718 4687 6098 3686 125 278 8373 2972 2227 9901 7535 8382 9945 2953 8117 7246 1399 8805
29 45 2191 7222 416 4937 422 7621 9407 6744 8262 1118 7036 38 4344 3798 1744 4851 9810 2379 4924 847 9493 6101 9948 6011 4224 8092 7775 63
29 156 9446 7402 8875 3524 5574 8937 1414 1258 2207 9317 2078 5327 8939 249 1135 5095 7795 2047 8643 5099 1324 3739 316 754 6356 8776 953 98
30 2995 773 8740 6250 9123 4084 2221 6634 311 4003 6015 8889 6813 2859 7104 2845 9876 6851 4843 1 7225 6035 7255 1455 4848 7734 3943 9698 5928 9404
31 3187 7613 3503 1192 8547 8074 7773 3741 5739 1555 3144 1493 1585 1952 376 3477 5842 2658 5056 5212 7333 3475 7904 9859 7287 2559 1305 6169 3645 6088 6575
26 3216 4797 6231 5612 3118 7538 2310 7703 8055 7906 8659 909 8650 2006 9409 4035 2131 5267 4225 6290 5039 2046 5261 6881 8240 5044
28 4052 8364 6992 2244 3811 1985 8368 6244 1725 4785 8153 7059 3011 5027 3888 3287 2407 6058 8419 5891 8676 2089 5381 1527 787 7738 3697 126
28 4935 6770 1140 7323 7625 6657 456 9583 2601 9548 6999 8035 4098 8560 4109 3574 3293 3248 46 329 723 9569 2778 8043 3451 4714 655 7899
28 8598 5535 108 5400 5654 2301 2744 8517 5168 7097 6357 6862 8721 7308 9185 8348 7069 1169 2792 6958 1116 2932 7389 5728 9934 5280 3913 4964
32 681 2698 3630 7922 3844 1220 73 8564 662 1657 2303 7784 392 8677 7785 6719 1905 3525 3814 3253 3718 7550 6243 9305 1183 5571 9277 5110 9613 1916 764 2678
29 4189 9718 4122 9304 2535 2677 3573 1411 4527 6069 5647 7282 3241 1223 9931 938 3895 9070 9144 4464 2347 3070 9348 5337 7730 9863 2907 9841 5211
30 102 1925 5213 7384 229 9241 5435 209 9990 1307 8894 7766 331 2404 6591 8362 7558 8960 7813 5799 246 5623 1859 6273 7154 5466 8011 3633 7471 5885
30 6428 482 4057 4481 5461 3367 3851 8970 2410 8469 3989 1309 4515 6025 3464 8135 5546 7437 755 1101 155 9605 6579 2302 859 8981 8228 4586 5988 2451
31 7849 1424 5206 6655 9129 6255 1198 2238 2477 8483 8917 3606 1172 5611 777 5152 2077 6786 2327 5495 1823 7780 8664 9331 9198 2376 8823 9579 3840 8945 2217
28 5835 2202 6151 2228 9974 8257 2748 3544 8477 1647 5488 5854 6716 1070 8982 1906 9709 5986 1901 3189 317 8104 894 4196 8559 4680 2810 2149
30 5482 1437 5462 1059 9907 784 7239 8620 9044 9737 5793 9857 8899 7860 8915 7363 8031 3971 6400 7133 1850 2816 7017 8302 1378 806 3168 1550 2634 6148
28 9106 405 6258 9073 1264 3537 3348 3430 8723 1435 527 6665 2666 9196 3837 4847 6967 8795 668 1687 9101 1108 2926 5725 8596 9829 362 2980
29 8044 7704 2855 5153 9621 3036 4903 6389 3715 9885 4489 1908 5894 1721 6433 8975 5640 6127 5630 6131 1922 2655 8902 2393 1316 6988 371 6546 9138
30 7138 7735 7494 26 9804 6790 5896 489 4231 1944 9853 9274 1986 545 2092 4602 1413 1832 1156 248 4359 2515 8430 1497 6478 6201 9148 3148 3956 537
29 6570 2711 4754 429 2860 4629 3049 6099 9848 111 3637 9332 6612 9010 4943 4335 1828 812 2271 268 9512 2455 4537 2883 4905 891 467 578 9163
27 4467 9440 2496 4773 6889 2930 3332 6990 2064 6740 8309 6914 4696 3685 4448 9232 1876 7221 4305 19 201 9468 2454 749 5780 6564 6164
28 9413 7343 9747 8625 1417 9263 6379 8239 2499 5568 2590 9051 8938 9844 1142 5790 1632 536 7961 1252 3738 3864 4362 7583 7121 9113 4512 9354
28 3491 9213 5324 6032 3405 1588 740 4137 5176 3865 2030 3553 5913 2944 9177 4839 6807 2229 9701 6064 3768 8357 3133 1005 1790 3649 3173 4254
27 6430 4878 3027 2042 5724 5610 9485 7981 2689 7536 4101 1742 9365 7739 1439 5642 5287 905 6394 2458 890 4912 9905 5615 8409 8744 6865
29 9168 7781 3772 5751 2767 3536 6580 1009 7338 194 5142 9593 7554 6388 382 361 6884 7578 6736 7825 410 8635 2856 8985 4608 2054 3161 1235 8636
27 6229 474 552 5815 6283 1994 9745 4117 7765 5192 4375 5438 5048 1719 2581 904 3371 535 4725 136 9210 4463 5660 1943 2400 1851 9558
28 9159 4671 330 6970 1499 2395 6292 5323 2613 6296 3313 4021 3839 4423 5220 9673 2697 985 3539 1230 8030 5792 2751 8343 9947 368 8819 7756
32 2870 3632 1365 9470 4535 5207 5868 1677 7347 926 1883 6171 686 4667 412 3132 3747 3437 379 716 4451 6023 6831 269 3469 8308 2626 5231 9463 9349 9838 4347
27 3873 3235 498 3126 15 9989 3182 1354 6715 8191 3314 7509 7058 982 9507 505 7040 9521 8064 4849 9063 3219 4936 5907 3101 2267 6491
27 4065 3496 9202 3149 7985 6444 2391 7880 6559 2989 8358 1444 2004 7130 1221 6180 3359 7975 4786 7945 9225 1841 8810 8987 4352 8514 7907
28 3636 9211 4474 5113 5298 6242 3804 7988 2489 8874 5382 1460 3147 6601 3461 1866 1613 7585 2022 8856 4022 2117 8243 9766 7100 4793 7165 7207
31 2584 957 27 1021 1835 5826 221 7201 8920 1609 7670 4032 5689 1091 4420 6502 8578 8200 4094 2319 2598 4778 7497 8456 8770 7810 9916 3218 7841 1367 7936
27 4182 1896 544 2940 9150 768 4221 7392 7835 1688 8967 2842 6484 585 7172 193 3596 3822 9566 6700 8071 8287 2991 8146 9987 7424 9255
26 577 839 4067 6983 8714 5478 4621 8541 5035 8284 1459 8925 8329 5662 955 481 4604 8048 9265 9849 2360 181 1881 7435 2968 8696
27 2717 6062 6890 2506 2701 236 883 5312 4888 3863 7355 6951 3801 3677 5590 3960 1720 6232 7095 867 1153 5686 7705 4437 9866 6537 8385
32 9371 6683 7358 8624 7482 3346 5228 8463 8641 2061 5119 7131 1405 1929 4723 9712 7196 386 1973 3088 5927 6140 2688 9132 7169 3483 1878 3661 3796 2123 3868 2367
27 3831 8339 3260 6445 7144 8500 4377 4194 1259 1092 8815 5290 7549 5962 5477 4838 1033 7563 6270 7913 8014 2545 8520 516 6442 9330 7021
28 4891 4980 8447 8919 9416 304 9467 4950 7468 5429 1402 3849 3034 693 2387 5248 6110 6555 5165 7145 7204 5316 1583 4369 9517 8195 3769 496
30 4768 4922 6200 144 3950 8936 919 1342 6535 2799 7000 8106 1650 4343 9935 274 4496 762 1216 5194 6605 9313 9176 7101 1685 7517 5398 5774 6639 8909
28 1566 5967 8733 5148 4104 2608 5302 9231 5687 8260 9092 8426 6375 5943 635 6403 1780 7964 6383 4920 757 4036 3998 3354 1486 287 7399 4171
28 8078 766 1909 4219 1260 7259 2298 2232 1797 5059 5420 5428 3759 1482 4280 775 5614 3754 6788 2361 6109 4569 1997 651 6867 7817 7422 5674
30 9191 9858 534 7042 968 1178 2873 8417 150 8876 6472 6210 5818 3705 6757 4312 1736 8319 1581 4806 4203 6903 9657 5101 7713 253 2189 2850 3570 8019
28 1717 816 4765 3324 2293 7769 8726 7117 4589 2071 753 778 2121 5808 9588 1383 4054 4498 5179 6165 2196 1586 7342 8695 2828 4699 6189 4875
28 7653 3025 656 3914 2430 1025 7572 7441 8506 7597 615 4497 5118 9959 30 7307 4125 1763 9465 3976 5563 8102 1900 6907 196 3962 5551 7774
29 4611 4543 7120 1745 6113 4587 4307 975 4938 2009 7776 8347 4410 2171 5356 3869 588 2026 4499 8767 6923 9603 7139 374 7518 5787 2895 2007 6065
30 3922 5147 7216 7529 8052 9428 3186 6779 6128 3647 9798 4638 648 1319 3317 9800 5577 3641 4118 4572 1379 7819 6825 2729 8555 6136 852 4268 8631 7456
27 8858 3198 2241 6234 6516 7286 5925 2679 6230 5514 560 5791 2900 989 3401 3370 9140 9553 8684 9644 7269 6986 4741 4271 6184 9555 1911
31 9888 7006 1746 6168 4560 5020 6452 8375 4969 743 8912 7472 3277 310 683 5265 4633 6743 86 6518 6476 2208 9341 9722 8852 3838 2667 7106 3138 7608 5107
29 5254 5608 8400 2769 1737 4005 6566 7840 87 8593 7284 4869 7056 863 7844 9681 2753 7500 4609 9266 3550 7 9550 8838 889 426 5507 6561 647
29 8141 1788 7871 1862 5263 3164 4278 4487 9338 7661 3330 4657 2397 6386 339 2114 920 5594 7591 7314 944 1107 9536 1874 616 9774 1638 3918 4300
26 8786 5532 8503 9382 979 81 7598 8256 2832 7374 8089 6456 916 5606 7757 4406 2690 631 454 9843 885 8160 9124 4954 6650 2611
30 586 8453 994 3878 3302 2252 873 343 4828 8911 1132 2068 2052 8616 7846 8007 7167 2872 1927 4522 9405 2118 742 5995 3699 2896 5275 9474 9645 8470
27 7576 4494 5555 7698 8234 791 4015 6874 9949 8794 9029 9466 6811 5426 1488 5741 1702 2490 6937 5363 4210 2115 2537 9586 6371 6587 2480
29 8424 612 1704 5387 4834 5542 319 4642 6186 4900 5023 5584 2355 2014 9763 8787 8295 7438 3419 2420 9432 9519 1782 8742 3351 6447 8487 2532 5644
28 7883 2607 68 9385 7177 4495 8572 9954 9270 3398 3280 2040 8861 8094 1094 1598 2945 5617 326 9693 8704 5414 7600 5009 6408 2448 9452 4594
27 8220 1752 328 1148 3331 6211 6551 5390 4289 1683 9110 2382 6114 2671 7909 2425 3329 5468 7874 5143 1953 4505 1728 3959 4827 8268 2084
31 1574 5673 9887 6879 8851 3044 1398 4009 2519 9955 2794 9658 3794 7108 8661 8807 3692 1456 299 7410 4133 8452 8069 4242 6139 9953 7396 4981 1027 511 6091
30 3590 8669 2890 5898 3866 2013 4817 8569 1735 7142 925 5297 3315 2825 4599 580 9595 3576 398 8537 1426 7797 1949 3626 9813 8749 4840 2143 4235 6301
29 2265 159 3361 271 7244 4200 7952 6341 93 5315 3130 5474 2943 2184 7300 58 8475 3067 9103 1732 5708 6247 7434 6583 1714 6360 1891 4135 900
26 3511 9589 7309 7744 6504 5883 6866 793 6567 6138 2887 6368 198 6147 4549 7218 3737 3029 4675 6771 8802 4228 3311 1672 6598 233
27 8946 2996 3482 4327 779 1907 5201 5875 261 7812 5509 7400 4376 7712 245 1887 887 1656 2639 5676 6536 1628 808 2618 8895 2556 1363
29 719 724 8128 7496 9632 9076 6554 6395 2194 5293 4262 881 2539 5024 2743 6742 2226 5464 7027 1733 8524 9682 7055 3084 262 2834 24 6498 5666
31 4466 7297 2793 6888 7449 7232 6822 572 2680 4370 1233 6672 3982 3246 1914 9344 8129 1673 4836 8233 5636 3178 2159 5558 3559 1279 3734 1369 2620 4097 582
29 9180 6330 7574 4660 9811 5520 1095 1004 9133 530 1370 7709 8505 1796 9845 2683 1063 9564 1654 7848 6307 4102 5243 7595 730 8750 2807 9607 9741
28 1999 3720 4632 3781 1267 9590 2782 1541 9531 7664 3797 7213 4430 805 9923 1382 2798 4557 6443 591 2366 5172 2824 5996 7521 8024 8768 1596
27 9014 8961 5984 2469 8237 9494 8532 7916 8655 6705 7076 5347 8639 1662 4902 5295 9528 2596 7211 8998 6560 1374 5173 9476 9164 3202 3048
26 2209 5233 1924 3867 5333 9719 6618 6446 6944 3785 5578 7188 5332 729 7088 3470 3571 2453 4649 9541 7665 6858 1254 3406 2291 4585
31 1579 1599 9288 4170 5895 5005 4304 704 3558 5401 6824 7257 7082 6773 2465 6406 6772 1819 2312 5651 8459 9026 7920 8157 7461 6838 2731 5548 3349 7805 6207
30 3016 7901 3076 4259 4802 6910 9937 1542 3489 2039 7462 5096 1524 2877 1314 264 6223 6905 8571 9518 4731 1605 3823 1443 4326 9034 509 3668 8062 4037
30 5832 846 7694 8841 4715 1795 8681 1412 6522 987 7942 7345 9072 5073 1636 3978 4129 56 6045 8868 9269 7302 4324 5180 4961 439 8928 6830 711 9346
28 7426 4759 6595 7982 6150 4152 163 164 1012 1121 9634 4544 3456 3065 914 5652 2821 3890 8491 761 2742 9684 5992 8763 3687 6495 6404 3808
28 6507 8657 6664 540 1448 5318 8834 9380 1620 3320 7352 1303 8038 2546 9830 3805 5150 9676 6043 5620 1041 6801 3447 9032 7463 4695 4962 1154
28 3709 3681 2482 3518 1855 9915 308 4315 2318 323 6989 258 6352 7663 2204 4177 9066 3885 1619 7506 9840 8169 4407 6181 2041 4540 7049 3116
30 5014 6668 4994 7752 5171 5705 6411 8478 6163 9178 3546 2178 7429 2977 3941 8990 7834 9779 8208 827 1162 8739 8088 6631 5795 940 8236 4354 4708 8351
27 820 7984 5127 2747 908 2129 9437 110 1516 9703 71 1879 8796 418 9077 2899 3776 9944 3933 8428 8632 6431 8935 8305 7371 3059 7162
27 4078 3505 854 2570 3412 6105 2158 8528 597 3379 7863 1960 6908 57 2125 6170 2087 6900 7372 1514 7659 732 20 9687 8548 7747 6014
26 1826 4303 9131 5534 8072 8012 9753 2281 3362 9127 8691 6915 8762 6282 112 583 4534 1471 9009 9357 6080 8647 2638 7544 1270 2565
30 327 8267 450 2048 785 3033 7278 6750 9254 972 8294 564 1102 3446 4421 7630 5331 5043 3252 7226 6805 5710 1311 3752 2938 2501 9505 7697 5681 5638
28 3766 9850 7183 4909 1421 4718 2375 6205 8793 7745 7847 7531 2066 6457 7831 8713 6977 4946 4475 3792 4007 5544 2579 4319 9025 1263 6320 4821
28 78 9445 1805 170 5308 3757 1276 8381 800 8486 3813 8878 3846 228 8015 5346 9098 5628 1806 5602 579 5872 8940 6251 1798 8416 4502 8618
27 6950 5241 5669 9273 4175 8281 9571 8036 565 5068 4732 8536 6253 3096 2060 1469 650 9345 4686 797 1232 3163 4450 5196 6397 5365 9481
31 4141 4397 7439 6474 2841 7974 8798 5556 980 4388 3078 7275 5661 9081 2759 8630 3211 1616 9587 2625 6875 2023 6081 3087 9205 9342 3710 340 1313 1653 960
26 3123 4349 5941 9732 8273 1441 2868 5253 1317 9526 7377 6948 8814 9355 6204 6965 9016 6984 1617 520 6593 6022 2567 3652 2213 2497
27 6975 3501 850 291 8615 5351 5759 8000 4520 521 798 3124 1483 9455 4213 9047 4043 1265 8800 6372 7250 2529 4468 3045 2105 8216 3082
25 654 6001 5529 1152 3716 4858 2313 3234 3608 2412 8722 9672 9609 1606 471 4056 179 3736 2240 1857 517 9030 8298 2936 419
27 4974 8366 8949 3391 515 3114 5784 9059 6675 9921 300 5352 3415 9381 3674 3650 6877 1741 992 154 1902 6239 9524 8018 3308 1522 4871
29 9925 3247 9251 1250 2236 2359 3651 5969 2176 9919 7939 9833 6749 1530 6462 3400 6850 1950 1213 1190 2696 9926 366 2336 8174 6533 6798 3008 5392
30 7674 5467 7173 1976 2201 4093 8365 5639 3912 5490 1158 5124 4658 7589 9824 270 9617 9169 6315 599 6020 2641 7311 9450 3459 4517 5161 788 2952 3232
29 4523 3902 2830 2803 3972 1983 6936 7151 1681 6049 9939 8700 5070 4844 2610 5080 3382 8124 5622 8480 2344 6381 5626 4283 5981 3369 8218 870 7341
26 3387 5846 7581 6374 4181 33 3905 3212 6856 1589 3819 5839 3152 2888 2309 100 9614 4216 3561 6774 1930 6833 3583 451 696 1212
30 2417 5130 2005 8950 3455 408 1770 4745 4348 6572 472 7091 39 2316 6298 7346 9729 1886 2806 7373 3296 7954 5319 7998 8219 7090 6776 2585 7908 5208
31 7584 1568 1062 3679 7295 5783 5138 6854 5510 8944 1419 2647 4402 5993 6483 2527 8867 7829 2173 7832 5923 4154 8719 614 7602 7770 4841 9094 6974 8753 2107
27 5777 553 2604 9408 6237 9462 9055 9362 4174 7484 1825 5998 600 1029 7587 2187 7546 8336 8921 6529 3206 4342 983 2866 6008 1991 9837
30 1641 1824 1956 2418 4217 3907 8046 8176 7915 9186 3086 5597 1867 5828 6878 9060 9424 6953 9776 9758 7325 9319 6592 898 7717 6709 2572 7789 2349 2719
29 1048 2163 2785 4279 6177 7728 3297 6218 468 7950 5480 2044 6701 4551 3896 3639 9262 5655 5288 1775 6852 5286 6769 8554 9900 1967 1739 6843 7364
28 9189 3210 5134 4710 4636 2429 174 5159 6860 2260 3416 3771 8601 3853 5484 6712 5463 260 458 7818 5085 7052 1947 3760 6823 5897 2587 9154
26 3353 9688 1066 9702 1961 9825 5446 7592 9499 1269 8253 1919 5306 4598 3495 2979 5174 8827 1940 8354 6917 5158 2264 2942 9358 7820
29 6423 6671 5886 9699 2755 8693 7149 6859 4465 7580 1256 7753 8821 6829 844 6321 7758 6962 8429 8525 3965 3497 3613 8648 4584 2819 6303 4956 7652
28 1813 8472 4507 2971 5658 2912 9223 4185 1219 2028 2153 7949 4045 2424 700 6384 8847 8119 8230 4429 2831 6066 6602 3727 6929 2848 6722 4605
30 3423 280 6687 1139 3953 7180 675 4478 1064 3167 7875 8047 4284 2019 6044 2837 981 8534 9671 9530 9807 3809 6108 8853 9903 7683 1509 491 8583 8816
30 2038 2847 8927 7331 9175 627 5051 2154 1932 5887 4831 6233 4504 8335 1097 6996 9707 2326 7836 4645 5038 2362 6373 988 8965 5515 9143 4947 9388 5227
29 602 1143 1040 4957 7416 4655 8991 745 9461 7993 2552 1226 6707 3131 3303 2645 6696 4756 2111 3231 7283 9000 433 7902 5599 1470 8731 3279 3436
28 6808 3860 4766 2777 2963 4716 3722 5218 4004 2595 2725 4168 2408 6272 3441 9421 7673 840 6199 6219 7193 1989 1328 5764 3936 6074 6264 7272
26 175 1038 5476 7481 5082 2106 5010 4575 2955 8067 4028 1003 6063 2800 4258 9419 8269 4894 8809 6840 186 5702 2505 8484 4775 1445
30 7995 3856 9755 3954 1515 8320 2531 2541 4457 4652 4460 4401 4892 394 5761 2342 7515 8773 2839 4719 1729 1157 4427 3154 2328 9285 9080 8290 5284 1921
26 701 528 2876 3 6016 851 6409 4446 1668 1548 2370 2463 1885 6362 5487 4865 6195 1065 1019 7799 7094 9099 7029 7965 3444 2894
26 4764 6982 6294 7161 8701 7327 1904 3777 6364 2946 7740 2615 3786 5924 8196 2754 6087 5893 6194 4426 3848 2844 8061 1079 3540 4978
30 3875 8595 4088 3987 1429 7430 941 8828 6584 313 5983 5018 954 3944 1894 8999 8310 1523 9083 6034 7085 6089 4485 8685 1834 7152 5926 8353 283 9700
30 1572 4433 7929 9052 7579 8162 7957 682 1917 3341 1304 790 3058 1920 8185 4779 6453 4656 5393 1591 5338 1534 7567 7754 1951 5864 2703 5918 8151 4364
28 3440 5798 9695 2599 421 4639 9477 2797 1603 4559 9976 9983 9222 1621 9453 492 9674 6939 1582 7507 5203 4971 9503 8045 8708 9438 1738 9941
28 9601 6729 8356 6925 1217 3949 9936 3429 6412 4223 8824 8278 947 9050 1848 4191 8107 774 6896 5961 2421 5657 4360 5344 7261 7997 6647 849
28 9282 9538 1330 1614 82 8418 7061 9393 1871 2513 3603 4823 5259 7077 7853 7700 2341 6724 4787 3666 7821 2621 9108 149 3938 5526 5021 124
29 4119 7539 8415 6003 1325 1462 813 5670 380 4640 9260 7328 3631 7459 7258 6895 3605 6079 884 3473 2650 1561 3624 7445 2383 1474 8891 5361 4576
30 934 3384 8568 2916 1049 6520 2258 5433 720 6084 4822 3515 4428 3010 512 254 7622 1403 244 2898 7599 6834 6370 2160 1454 1939 4590 8187 2386 7534
31 746 7855 548 4896 2168 5522 7065 1836 6344 1526 4988 2148 7001 7099 234 7124 2695 3113 9174 9920 672 6641 9649 8716 6103 3111 652 6305 6271 6898 7649
29 7782 5008 8492 1051 678 3881 9235 5570 2083 8499 2120 8604 4511 539 7310 2110 1623 6469 2861 707 2210 6501 9523 1626 1361 5849 5970 4345 1185
27 1965 4574 2524 7020 3764 3347 8958 5439 8040 995 4564 865 7623 2237 6106 7365 646 4846 4220 3593 6694 6289 7125 5747 1323 5470 5954
30 2851 4801 4949 5492 8745 2752 2394 1592 3556 252 431 1872 9793 334 9769 7344 8882 6726 4704 4861 9746 7814 9715 8127 9572 6506 2441 6737 5836 3810
30 9111 5703 8654 5031 9606 9751 4393 320 901 5975 9375 7195 8558 858 782 8254 5299 6802 7808 4763 5111 9062 3994 4039 1576 6932 8743 2249 1778 2854
28 2805 1764 9257 4318 7650 9678 9238 8646 1610 2230 161 8189 4081 1401 8942 3499 5573 7433 5164 921 267 2437 7644 4381 453 9071 8443 3748
28 526 6497 7380 3306 6005 7637 8285 2334 6793 4432 8668 4374 5811 345 7112 7924 1511 595 3031 4972 1513 9013 312 7972 6921 3522 7850 8932
35 6042 7256 1573 5503 4808 4006 404 6868 3703 9665 771 6978 5700 1290 3407 5766 1467 3942 5732 5268 9560 5825 6678 5458 2787 6391 897 876 7714 1786 5805 4895 7764 2561 6405
29 5046 9243 8971 2736 6000 3443 4566 2562 6708 9173 2548 9233 2730 4167 9400 2564 247 1286 7710 8473 3617 4563 2503 5575 3015 6972 5609 1345 7947
30 13 8383 4807 4214 2195 6912 1996 760 9851 576 7503 7983 4825 5015 4855 1114 9040 2411 8495 3255 9028 7391 506 9623 7048 121 172 637 3472 2681
28 8551 2146 5245 2205 9884 7519 1430 8050 6652 7869 3166 7009 7157 4748 3753 2462 6466 912 9846 9105 7444 6467 1718 2990 5685 4422 7996 7414
28 152 9366 5537 8261 4573 7185 9864 2322 2947 5547 3298 5830 4603 4128 3137 903 8758 9647 6527 3428 2035 8275 1912 25 8002 9064 2380 3006
27 9155 8948 7695 7060 1758 4567 7526 9986 4931 5856 4941 4689 8115 2632 7431 2508 4750 285 8817 9775 2619 7228 8197 6358 3985 119 3143
32 9049 929 2864 6819 4 2036 35 6686 3037 1120 2735 2948 3879 2761 475 733 5040 7353 3824 6083 3466 1334 1251 3990 11 8836 485 7192 2999 1727 6656 5454
30 962 8561 8730 8166 3005 1465 1293 2609 4251 5090 4958 4990 5694 5874 1249 5373 4232 1341 1246 8869 3789 5264 6455 4267 2964 9208 2881 6542 3876 2820
31 5062 8039 1768 3519 6459 8751 2775 1750 5396 8377 1326 2835 1215 2998 7792 838 8621 6653 8333 2246 5103 104 1475 6254 1277 1449 5559 3931 2781 1315 411
28 8097 3209 3119 2649 2399 8530 9777 5167 9182 4017 1545 5951 4127 7941 9389 8780 9209 2975 7783 7685 7530 2162 3996 3141 7616 7930 1184 5991
29 3155 8523 6959 7219 6284 5251 6262 1854 1174 1759 4263 3545 3055 1698 4546 4351 2219 1376 4654 5616 28 3200 4403 5341 5665 9576 8164 6496 5033
28 1587 9561 4166 563 2526 215 7719 184 8581 3388 8617 4136 986 1308 169 407 3085 7285 2192 2733 5364 1501 2597 3237 7156 5372 6663 9418
29 6424 1204 4338 5914 5310 60 5797 3225 3299 7629 4647 7824 7443 6809 2982 4614 7881 842 7762 176 959 9399 2905 8576 2104 5870 7319 9782 973
28 1386 8502 6578 2459 4476 2279 6616 1299 1602 525 2891 2699 6429 5664 4226 7779 830 4010 1201 3787 8209 783 6053 9353 5729 7921 4063 8311
31 1753 4501 4757 2140 2085 9773 1300 8679 5274 7693 1971 8652 1329 5291 428 9367 8422 8759 1495 4404 9511 3485 4939 2356 4265 7306 4008 6059 8830 6513 2528
29 4322 4107 3534 477 5151 2339 2918 6212 7111 1679 7815 868 2857 5847 628 7199 14 6628 1710 6571 5979 8173 2875 6911 4320 7166 7938 7555 9932
27 5057 3782 191 3462 9268 3266 7607 9315 888 8638 8369 123 2675 8489 5971 3204 6863 2127 6047 9789 5017 7411 3041 1105 4832 2296 1111
29 4071 7511 554 4870 9079 9790 8756 4273 5406 2320 4774 9187 6192 4829 8190 263 3184 8054 7403 4709 8163 7252 2177 3214 8165 6821 3901 4014 3952
28 8315 5388 1067 2304 4784 9963 1076 4313 9975 5757 4031 4124 6183 3174 2686 1507 6175 3129 3193 3007 8161 5722 146 9004 2533 396 8784 1993
28 1769 5030 1468 34 3919 7575 1913 7087 1804 8001 8316 4726 9087 911 9303 1406 7491 6540 8667 1578 9337 3395 5902 4121 6260 7788 8317 6730
30 558 3827 7569 1037 2573 6556 1042 1344 2950 8914 5822 6847 1643 8222 239 7043 3889 6220 4970 3327 7070 4333 7113 5217 4850 3842 3457 3826 8114 4506
27 2182 7395 6092 1197 8439 555 996 2983 5769 4542 3506 3453 3368 213 4819 1351 6739 4399 3394 1696 765 3947 4664 1115 3024 1268 5823
31 6669 5939 3383 1809 3702 2166 4096 541 4048 1895 4055 6800 5083 9655 7150 6399 3514 5565 3567 5884 3615 9532 2628 6342 5873 8818 44 9320 6266 7178 4644
29 8099 90 1348 6935 7279 1644 7176 4795 3644 9172 3500 2646 3925 6454 799 8901 6166 6078 7129 9156 9239 4928 8340 8359 8690 2398 6573 936 2406
28 7828 7382 5595 6864 1175 1016 62 2838 4387 841 4272 3548 1085 4919 6156 2287 1057 8720 7093 763 5469 315 8962 4681 4984 7726 2969 5240
27 138 3258 1590 2578 5086 53 2673 8328 9084 5384 3986 1292 4092 4986 7702 7681 7932 500 8703 1332 5753 4012 9878 2514 1295 6038 2288
31 6603 5973 5237 6407 1659 8594 4069 9533 9289 8122 1228 92 6508 4637 9666 131 5447 6050 5733 9005 8212 7451 1331 8433 9022 7647 573 7951 3404 7194 8799
31 2993 1942 182 9891 9384 3733 5901 630 8251 5425 4204 1557 6849 1126 3390 5093 7893 5643 354 8156 7826 7571 7736 5518 1061 8515 4995 8918 2493 5473 3818
27 660 5889 6416 7026 3139 7679 956 5512 5278 5749 7068 7370 8345 2551 3463 101 2181 7628 9875 122 1463 3538 7490 3859 617 8539 5273
32 2452 6257 9743 5129 2353 4408 8293 9394 7768 8005 1980 4945 2935 9628 3923 3983 7184 5076 4033 5001 6487 8839 1510 6401 8474 4999 4020 497 7843 3305 5204 7796
27 9215 625 9460 2693 3278 6718 9329 3625 5748 4229 9363 1724 9249 2354 8675 6837 9297 5389 7041 4269 5607 1669 2214 5471 2075 8964 7326
31 6392 6152 227 8003 273 2966 7721 899 1784 1420 9314 5012 594 3825 7432 8989 9414 6338 7564 6940 3594 2402 272 4772 5380 9065 2718 9045 8978 4707 1868
28 9988 9246 551 5377 9454 795 6676 8423 9436 2931 1799 9007 1962 1892 5695 1050 8321 4842 657 3843 9048 7562 1500 5091 4798 5285 561 9556
29 3256 2766 5149 1407 3762 6313 5210 5857 5457 420 4997 4153 8145 5108 5450 895 1122 5531 9487 5444 2543 5004 2199 7360 978 9244 2371 8180 3595
27 5919 8404 8870 8049 8765 5796 9795 4145 3774 7522 8437 2577 3585 7035 9252 6432 7676 8804 1803 935 8408 4908 2976 8660 2306 3857 7577
29 7822 4246 9441 6155 906 1239 4553 3090 190 3254 391 7039 7830 3136 1452 9616 6376 613 9706 8 1569 6886 1481 2483 5946 1266 3906 2099 7187
28 7937 5771 2012 7528 5229 1055 2908 2289 2919 9420 2760 223 4749 6836 8871 3301 3928 3276 875 3017 1814 8922 3112 9112 2544 4791 6732 6413
30 9435 7946 479 432 1631 5224 3103 6470 9149 5407 5311 5309 1933 4382 2220 4146 5013 5123 4879 6107 6477 6909 9221 6717 7107 9398 8986 3366 9827 5255
28 4960 1387 8934 667 2051 9629 1093 5850 3803 6160 1749 3273 5441 1701 639 9823 8425 5841 4886 2277 7469 2553 809 7604 4762 9580 8715 9577
24 1577 1285 7894 8053 9708 91 5053 5277 9917 8832 8352 2082 7882 3599 5692 8671 6346 4744 4296 9074 2862 2308 7861 9768
28 7609 1492 8710 3316 3582 6966 1487 2337 9339 1011 8008 8611 8886 5104 3961 1537 2333 4023 8312 7266 9879 7520 6943 5950 1801 3381 7655 6246
30 6638 5049 7394 7976 7723 2439 6979 5146 3481 4898 3507 5395 2685 7532 2981 2741 449 3013 538 705 8138 8397 364 9602 7074 2691 5215 2031 5042 7502
30 1817 4796 2365 9930 3150 721 3242 6309 685 1007 833 9575 4914 9311 2967 1706 4727 2445 2321 9730 9801 4211 7182 3498 2405 8736 5586 5712 8360 8194
28 3236 8835 915 8120 8063 9489 7800 4809 4799 4306 4140 7267 609 4218 557 5956 9659 4143 2662 1077 8411 5155 5521 1815 9894 5374 6969 4915
29 9714 7642 1734 5917 6509 2186 2746 2468 7467 9725 219 4833 4383 5200 1352 5006 8688 2364 226 6734 3967 5283 9479 351 5538 8081 2516 8412 4690
29 445 23 3701 3951 4697 2167 9121 8022 7046 9056 8808 9821 1489 2724 5330 2869 3886 4509 1781 1941 4595 1159 9086 3002 1877 581 1010 7004 6135
30 7633 3765 3333 3417 8651 8791 3427 2274 6666 5064 3563 9216 710 2534 4776 7200 8028 2113 7208 4159 3230 3165 2079 6248 8247 4479 7731 2789 4339 1793
26 7148 7918 288 7442 5860 9909 6112 4874 5045 532 6582 3095 3568 7725 6451 5199 8041 8379 5094 9275 542 9167 6713 4682 7322 9914
29 7324 1364 665 9817 6876 8711 9184 6971 6523 257 7935 4100 55 2811 7298 9716 8529 9046 3408 6054 4899 3793 4651 442 1981 2904 3474 6179 6614
32 3145 4830 476 417 7253 1024 7603 5 4673 2738 1149 6236 6037 3146 115 7242 5072 8860 6009 2488 4618 5087 2002 8079 8388 3352 892 1015 7772 341 1627 6787
29 6197 2090 9591 9646 4034 9752 208 6703 9648 8687 5355 9889 991 7811 8507 7005 2348 8908 618 8116 3773 853 1528 3358 8556 5812 9535 5257 2623
29 2672 7313 9417 5653 9797 7543 4677 7777 927 1477 4201 6552 6018 3974 7114 214 2714 3325 8113 4663 8881 9631 7523 6745 4580 4257 1136 3870 3227
29 8849 2156 8183 49 6756 4018 4183 365 9350 2142 7330 8214 8144 4179 3700 6426 9757 2653 325 9896 776 5321 1381 9377 5819 5937 8501 825 4184
28 4804 3968 9868 487 2141 289 5912 8454 141 5434 8602 5550 4266 8752 4417 9290 6861 6326 608 8380 4445 1372 2694 5402 2094 7900 5513 6202
28 207 3460 817 2555 4082 4730 4472 9554 7304 9970 9664 6763 2165 9552 2193 999 3319 241 3222 3263 165 8600 1018 8192 3909 4518 1001 2504
30 1141 9488 2795 8969 8890 3898 3318 3486 9781 1301 4818 1935 8775 8109 3344 9734 834 9928 4826 8692 4245 4613 4593 7711 7991 7677 9293 1150 3071 592
27 5465 6600 8778 3992 8966 5637 8263 7671 1852 3494 7877 3199 3175 6439 9469 2133 6775 829 4554 3053 7073 6040 6832 6203 1655 6235 9510
28 993 6227 8543 4769 9636 238 9356 674 3887 4163 5304 3435 9118 2540 4113 5880 2929 6505 4781 8923 9652 8188 9253 9710 6667 2985 2155 2103
27 4616 9826 3656 3763 952 4053 930 3040 7316 7105 6263 9704 5411 3646 2251 2108 5419 1291 2449 6259 4462 7619 7289 9001 1607 6680 7688
29 2636 2713 7448 2858 1124 593 4942 7605 7927 1310 4334 7423 6882 7288 6741 369 3409 7248 6336 6957 1008 7862 7301 1479 2478 4600 6332 4418 4678
28 8995 9443 188 9042 7367 7203 3335 3821 8476 5413 7928 5405 832 2617 5214 2889 756 1625 148 9271 3523 7224 4979 9667 8712 7968 1875 8670
29 7914 6190 6046 2145 3122 5166 6057 6473 1020 8573 5106 3488 5782 3054 917 9214 5688 4653 3012 1438 1208 4209 6541 3438 9865 2275 3074 1665 9604
26 9340 9960 9584 3598 2239 7667 6727 5742 5343 8511 4443 9809 225 7146 4814 6494 1565 6894 8280 7933 3424 2498 5430 9444 4111 4275
28 9742 3179 6461 7638 4415 6681 3836 8442 4734 5862 8025 4243 322 9135 4160 8140 9668 6302 1366 5047 7971 767 543 9881 5936 6068 1540 6625
28 8407 275 1186 8717 5244 9721 7412 5177 2470 5821 4292 4435 359 3094 1458 669 5541 5003 7879 6777 3282 6126 8485 8606 621 6673 4526 85
28 601 7047 1807 1772 3845 8421 1547 4134 3675 2654 4728 4873 5063 3003 1517 2475 9525 7428 7067 2605 4075 735 2885 2779 7856 5489 9847 531
31 4077 4060 8797 3932 9515 1969 8006 2242 5760 1427 9842 1023 4379 3730 1774 3920 8175 5239 1336 5931 7051 728 9610 349 1869 4746 7617 4197 8619 5410 2436
26 9872 8372 9248 1712 1036 2965 294 7406 964 4724 6630 83 2116 4425 5909 1137 9513 4812 7083 6122 2476 7666 7332 9904 7654 3504
32 1109 7487 8286 896 4910 9322 4788 1238 3439 3465 550 4691 332 7334 9372 8435 2500 210 6611 2216 5186 6682 3915 727 1202 5624 2491 2093 9041 6028 6157 5561
28 666 7566 2813 6275 3411 3091 1151 2728 4325 6329 886 1723 9855 6646 1498 1171 6629 9276 1450 5778 658 5141 2784 4366 4877 103 6810 6906
26 3877 8121 5564 1410 4622 2101 5125 2021 3654 5133 2547 54 1320 8482 7586 5485 461 5980 9965 9114 1966 9181 235 6159 3030 2134
28 1938 436 1196 1779 4046 5829 504 7110 1821 5074 7450 1045 3721 430 1146 6539 52 7181 2988 2580 3964 129 7339 4255 5813 3816 6955 7215
30 8090 4581 8434 3476 780 8663 9537 7028 2247 6328 1242 9760 7873 1044 877 1771 66 9387 3046 4911 9125 3966 4620 8622 2812 6153 1446 7002 7885 5269
29 3815 457 5881 2614 1923 3019 3858 3192 8274 9153 5906 6976 2017 2903 5767 7102 4434 5394 4321 8304 9396 8863 7905 5408 9805 990 8105 2901 4901
30 5370 3929 2557 3682 3291 443 6826 8873 4190 5235 7651 8859 7007 406 4120 6545 1977 1645 5060 549 4982 8785 5735 9508 3930 9778 2616 6094 9410 7887
30 2378 8394 6265 3903 4436 6348 5052 2762 2266 2961 5976 3850 3484 7525 3284 1761 8926 7898 1240 3433 9088 1722 8738 5776 2427 4688 9023 769 1928 7260
29 4852 7229 8590 3921 1053 3380 3267 2622 1245 5163 3678 8224 4533 7340 5427 3108 5758 5037 2684 9783 3217 5762 2588 8393 2248 2706 145 9918 1289
28 8546 1130 5908 5566 8445 4309 1898 1802 8493 2629 6252 9739 9501 1838 5752 2278 7206 6249 5139 7940 8508 6899 1538 8803 5032 2915 3334 5486
29 5354 8607 9791 5675 8613 9625 4627 7359 9619 8211 2909 1899 9677 8538 7025 643 8550 3073 5205 1903 9946 6568 7303 699 5359 2203 2959 5621 1946
28 3265 4066 7251 5855 7485 5525 8410 1368 2403 6606 7071 6310 5219 3063 6841 8087 5899 923 348 9137 1979 6548 4790 6077 2311 4913 9152 8392
25 5955 626 89 5109 2358 4302 9898 8642 7268 1630 2033 4288 4139 9893 1584 7447 7098 6071 9369 9193 6325 480 4890 7593 75
31 9328 1030 8177 4091 1863 6869 2218 4722 4692 3882 7024 5781 3431 6213 2682 5504 2970 8095 5958 7143 8056 4513 6118 8065 5305 737 1634 9767 7537 212 7010
27 8644 94 8386 3643 4917 3557 7488 8897 1485 6515 6033 8907 7620 4813 1726 1496 4051 8082 5920 2172 6645 1529 661 8306 1428 8270 7153
28 1472 4260 1035 446 5696 3744 1165 6359 2435 8182 4241 3191 4906 3635 680 6072 1391 7292 7003 3337 4536 8202 4270 8241 8077 7837 1551 8395
30 4049 1415 9951 8438 9627 6125 8746 4550 1730 4396 21 1861 1163 2790 9261 6418 3102 211 9626 7624 9199 1343 4859 8772 2294 4490 4384 5432 4767 1508
29 3562 3452 2836 1275 7116 2024 1639 2745 1839 9442 1360 1564 2923 1056 8883 6398 3458 2290 4648 3638 5871 1388 9514 6887 7923 6012 3468 4635 8694
30 4473 1377 5865 3322 5456 2401 590 6764 5838 6690 4178 2122 7838 9158 7962 2185 7750 1224 8259 3945 5641 3874 9449 2865 7618 1762 677 1327 1690 2388
29 3611 5097 9568 3855 8820 5990 1203 1322 6312 8783 7190 5329 4212 781 6945 8148 3662 6353 9567 9641 1075 3597 4729 9950 4297 3779 4237 7123 265
29 8724 7639 7611 460 4976 9504 7866 8249 4889 3262 8562 3020 3584 673 5947 4845 6768 7023 5078 562 7827 4176 2282 6339 638 1601 7174 6390 9799
33 9284 1831 2332 336 2305 1608 1562 1612 9803 7379 4025 8974 1189 2100 3434 2080 7809 6228 9430 5730 4492 9624 8271 4853 5271 3338 8633 9978 2627 5256 2059 9643 6627
28 3363 4398 5583 5345 1964 2049 7870 6437 6553 8603 2097 7771 7596 8371 5067 6698 2245 7570 7127 5362 1200 284 9433 8672 6654 8792 5178 5065
31 570 523 8903 2933 4480 5226 5144 8924 5157 6615 2843 8466 6586 5000 9490 9 9326 9852 7803 3376 5272 2112 6349 2102 6465 3841 1281 1765 8658 4643 2783
27 671 8983 6778 2396 5423 7022 9439 8235 266 1423 2062 4952 2984 6670 9264 17 7262 7716 3270 6679 7512 8527 7413 390 5050 8683 5831
31 9321 6891 7175 5197 2715 3735 6815 232 2644 1194 7045 5189 2050 5497 1147 8436 7075 9312 4538 1013 5773 8300 495 3032 9061 18 8788 4702 624 6240 6511
28 4661 9696 5944 6640 5115 3396 4250 6622 4356 3158 363 1104 67 7884 1409 7378 4438 2070 5750 2871 3115 1982 607 9170 4811 4353 2957 9527
30 4760 2652 281 7516 1600 4628 7375 6994 8645 2542 3835 4047 529 4132 7612 8378 1068 7888 6758 2660 3372 2750 5888 5088 2732 4884 8110 3758 2215 7368
29 8057 2563 8406 8134 3698 4249 6322 7299 134 36 2538 8147 4591 9300 2817 2739 6350 5806 8396 6839 4876 7293 1646 695 4959 6828 7089 5002 9212
28 8346 5511 2640 5598 3680 2138 3272 6738 739 2457 2924 4002 6728 2056 559 6226 8210 2702 6589 748 3689 9539 6782 1812 2329 7934 6173 1635
29 5500 9336 8481 3201 3050 3238 473 243 4110 7473 7672 6674 1244 6060 5114 5627 1346 524 4301 9298 9146 5785 1031 2285 634 1705 5859 5635 819
28 5262 3833 4239 5910 5102 1229 8488 7078 6256 5350 3817 3356 9736 153 8732 1536 7733 5816 4086 4330 2486 2363 1633 856 7280 7553 4965 8629
26 8709 2069 9352 9190 4739 393 4394 3195 3215 4095 8628 8976 2818 8255 4761 9197 1225 1910 9171 3223 372 6534 1396 7801 9724 2254
29 5552 3075 286 5136 5472 7084 9147 7513 5772 4483 1849 546 8931 855 3723 6594 4555 6343 2164 97 9639 4173 5234 1347 3547 1820 5948 2786 1099
27 4753 8152 747 7890 5117 738 3079 4205 3802 2055 9908 2780 8446 6006 2324 2740 6760 4742 6870 4041 9318 826 7453 4973 3653 7470 8479
29 9594 3991 9236 8327 375 6299 1433 6162 5100 6820 5963 2262 7118 5994 7012 7385 3927 2568 4453 508 5807 2471 9374 714 1393 9765 3580 9343 6090
26 6791 5557 4503 4442 6767 147 6393 5802 7062 3743 2913 2606 1847 9024 4112 4106 6288 8331 7646 3140 3861 2796 5386 4380 7474 3021
29 6845 5613 2 1554 7865 1160 2853 2415 59 2826 5162 4180 1494 9547 1713 2692 4541 772 1273 6514 4024 7465 10 4721 344 8979 8060 9018 4539
29 7662 1846 7787 736 1278 2147 7158 7891 383 4577 1837 5501 9871 3622 918 8490 2206 8519 9162 6949 4029 9691 5589 814 4367 8376 4548 1350 1298
30 5524 804 8504 4944 6030 7147 5744 8494 80 9994 5603 1395 3454 7312 1553 533 7763 4800 9653 9922 7582 3093 2377 459 2065 5391 6901 3226 6960 977
30 4469 2550 3051 5632 2343 167 3205 8264 4521 9126 9035 1988 387 8066 9334 1664 1272 6621 255 5554 3414 1296 3862 3578 4510 1682 2510 5491 9786 4712
27 5160 2198 9635 3560 4123 5714 1865 6274 1028 4792 6893 2502 5905 6941 8338 5479 222 8034 1480 864 1478 3572 4038 5536 2357 1484 3531
31 7427 862 3937 8513 7969 4966 7790 1138 5596 22 358 5055 715 642 9228 3806 4276 4072 7159 9295 7079 6528 4606 8091 2443 1546 640 7746 205 2670 202
31 9194 4236 3899 1822 8697 2057 8609 1998 6300 51 1349 3286 9497 9068 4578 751 5409 3213 1117 507 6120 9429 6333 9938 7140 5445 9082 1543 3092 5216 5987
30 395 5475 4717 6073 949 8093 7227 6547 2892 5238 7122 8844 4294 6208 96 2224 6124 8984 1400 3342 7420 3294 963 2434 7457 717 575 2814 9431 4087